<?xml version="1.0" encoding="utf-8"?><testsuites><testsuite name="pytest" errors="0" failures="9" skipped="0" tests="9" time="13.918" timestamp="2025-02-18T08:19:55.603568" hostname="yyz-lab-124-special-akannan-for-reservation-20140"><testcase classname="forge.test.mlir.operators.eltwise_binary.test_eltwise_binary" name="test_atan2[shape0]" time="4.899"><properties><property name="frontend" value="tt-forge-fe" /><property name="start_timestamp" value="2025-02-18T08:19:55" /><property name="exec_phase" value="COMPILE" /><property name="exec_stage" value="SPLIT_GRAPH" /><property name="error" value="Found Unsupported operations while lowering from TTForge to TTIR in forward graph" /><property name="end_timestamp" value="2025-02-18T08:20:00" /></properties><failure message="RuntimeError: Found Unsupported operations while lowering from TTForge to TTIR in forward graph">shape = (300, 1)

    @pytest.mark.xfail(
        reason="RuntimeError: Found Unsupported operations while lowering from TTForge to TTIR in forward graph - Atan"
    )
    @pytest.mark.parametrize(
        "shape",
        [
            (300, 1),
            (1, 6, 18),
            (2, 2, 2),
            (5, 5),
            (745),
            (1, 256, 6, 6),
            (1, 512, 14, 14),
            (1, 3, 224, 224),
            (1, 34, 200, 224, 53),
        ],
    )
    @pytest.mark.push
    def test_atan2(shape):
        class Atan2(nn.Module):
            def __init__(self):
                super().__init__()

            def forward(self, x1, x2):
                return torch.atan2(x2, x1)

        inputs = [torch.randn(shape), torch.randn(shape)]
        framework_model = Atan2()
&gt;       compiled_model = forge.compile(framework_model, sample_inputs=inputs)

forge/test/mlir/operators/eltwise_binary/test_eltwise_binary.py:42:
_ _ _ _ _ _ _ _ _ _ _ _ _ _ _ _ _ _ _ _ _ _ _ _ _ _ _ _ _ _ _ _ _ _ _ _ _ _ _ _ _ _ _ _ _ _ _ _ _ _ _ _ _ _ _ _ _ _ _ _ _ _ _ _ _ _ _ _ _ _ _ _ _ _ _ _ _ _ _ _ _ _ _ _ _ _ _ _ _ _ _ _ _ _ _ _ _ _ _ _ _ _ _ _ _ _ _ _ _ _ _ _ _ _ _ _ _ _ _ _ _ _ _
forge/forge/compile.py:250: in compile_main
    return forge_compile_from_context(compile_context)
forge/forge/compile.py:292: in forge_compile_from_context
    next_stage = stage_to_func[current_stage](context)
_ _ _ _ _ _ _ _ _ _ _ _ _ _ _ _ _ _ _ _ _ _ _ _ _ _ _ _ _ _ _ _ _ _ _ _ _ _ _ _ _ _ _ _ _ _ _ _ _ _ _ _ _ _ _ _ _ _ _ _ _ _ _ _ _ _ _ _ _ _ _ _ _ _ _ _ _ _ _ _ _ _ _ _ _ _ _ _ _ _ _ _ _ _ _ _ _ _ _ _ _ _ _ _ _ _ _ _ _ _ _ _ _ _ _ _ _ _ _ _ _ _ _

context = CompileContext(modules=[Module Atan2], graph_name='Atan2', compiler_cfg=CompilerConfig(enable_training=False, enable_r...cles_offset=0, forge_module=&lt;forge._C.ForgeGraphModule object at 0x7f1ed3779df0&gt;, compiled_binary=None, attach_to=None)

    def run_mlir_compiler(context: CompileContext) -&gt; CompileDepth:
        assert context.forge_module is not None

&gt;       context.compiled_binary = forge._C.run_mlir_compiler(context.forge_module)
E       RuntimeError: Found Unsupported operations while lowering from TTForge to TTIR in forward graph

forge/forge/compile.py:967: RuntimeError</failure></testcase><testcase classname="forge.test.mlir.operators.eltwise_binary.test_eltwise_binary" name="test_atan2[shape1]" time="0.417"><properties><property name="frontend" value="tt-forge-fe" /><property name="start_timestamp" value="2025-02-18T08:20:00" /><property name="exec_phase" value="COMPILE" /><property name="exec_stage" value="SPLIT_GRAPH" /><property name="error" value="Found Unsupported operations while lowering from TTForge to TTIR in forward graph" /><property name="end_timestamp" value="2025-02-18T08:20:01" /></properties><failure message="RuntimeError: Found Unsupported operations while lowering from TTForge to TTIR in forward graph">shape = (1, 6, 18)

    @pytest.mark.xfail(
        reason="RuntimeError: Found Unsupported operations while lowering from TTForge to TTIR in forward graph - Atan"
    )
    @pytest.mark.parametrize(
        "shape",
        [
            (300, 1),
            (1, 6, 18),
            (2, 2, 2),
            (5, 5),
            (745),
            (1, 256, 6, 6),
            (1, 512, 14, 14),
            (1, 3, 224, 224),
            (1, 34, 200, 224, 53),
        ],
    )
    @pytest.mark.push
    def test_atan2(shape):
        class Atan2(nn.Module):
            def __init__(self):
                super().__init__()

            def forward(self, x1, x2):
                return torch.atan2(x2, x1)

        inputs = [torch.randn(shape), torch.randn(shape)]
        framework_model = Atan2()
&gt;       compiled_model = forge.compile(framework_model, sample_inputs=inputs)

forge/test/mlir/operators/eltwise_binary/test_eltwise_binary.py:42:
_ _ _ _ _ _ _ _ _ _ _ _ _ _ _ _ _ _ _ _ _ _ _ _ _ _ _ _ _ _ _ _ _ _ _ _ _ _ _ _ _ _ _ _ _ _ _ _ _ _ _ _ _ _ _ _ _ _ _ _ _ _ _ _ _ _ _ _ _ _ _ _ _ _ _ _ _ _ _ _ _ _ _ _ _ _ _ _ _ _ _ _ _ _ _ _ _ _ _ _ _ _ _ _ _ _ _ _ _ _ _ _ _ _ _ _ _ _ _ _ _ _ _
forge/forge/compile.py:250: in compile_main
    return forge_compile_from_context(compile_context)
forge/forge/compile.py:292: in forge_compile_from_context
    next_stage = stage_to_func[current_stage](context)
_ _ _ _ _ _ _ _ _ _ _ _ _ _ _ _ _ _ _ _ _ _ _ _ _ _ _ _ _ _ _ _ _ _ _ _ _ _ _ _ _ _ _ _ _ _ _ _ _ _ _ _ _ _ _ _ _ _ _ _ _ _ _ _ _ _ _ _ _ _ _ _ _ _ _ _ _ _ _ _ _ _ _ _ _ _ _ _ _ _ _ _ _ _ _ _ _ _ _ _ _ _ _ _ _ _ _ _ _ _ _ _ _ _ _ _ _ _ _ _ _ _ _

context = CompileContext(modules=[Module Atan2], graph_name='Atan2', compiler_cfg=CompilerConfig(enable_training=False, enable_r...cles_offset=0, forge_module=&lt;forge._C.ForgeGraphModule object at 0x7f1ed2bf0b70&gt;, compiled_binary=None, attach_to=None)

    def run_mlir_compiler(context: CompileContext) -&gt; CompileDepth:
        assert context.forge_module is not None

&gt;       context.compiled_binary = forge._C.run_mlir_compiler(context.forge_module)
E       RuntimeError: Found Unsupported operations while lowering from TTForge to TTIR in forward graph

forge/forge/compile.py:967: RuntimeError</failure></testcase><testcase classname="forge.test.mlir.operators.eltwise_binary.test_eltwise_binary" name="test_atan2[shape2]" time="0.449"><properties><property name="frontend" value="tt-forge-fe" /><property name="start_timestamp" value="2025-02-18T08:20:01" /><property name="exec_phase" value="COMPILE" /><property name="exec_stage" value="SPLIT_GRAPH" /><property name="error" value="Found Unsupported operations while lowering from TTForge to TTIR in forward graph" /><property name="end_timestamp" value="2025-02-18T08:20:01" /></properties><failure message="RuntimeError: Found Unsupported operations while lowering from TTForge to TTIR in forward graph">shape = (2, 2, 2)

    @pytest.mark.xfail(
        reason="RuntimeError: Found Unsupported operations while lowering from TTForge to TTIR in forward graph - Atan"
    )
    @pytest.mark.parametrize(
        "shape",
        [
            (300, 1),
            (1, 6, 18),
            (2, 2, 2),
            (5, 5),
            (745),
            (1, 256, 6, 6),
            (1, 512, 14, 14),
            (1, 3, 224, 224),
            (1, 34, 200, 224, 53),
        ],
    )
    @pytest.mark.push
    def test_atan2(shape):
        class Atan2(nn.Module):
            def __init__(self):
                super().__init__()

            def forward(self, x1, x2):
                return torch.atan2(x2, x1)

        inputs = [torch.randn(shape), torch.randn(shape)]
        framework_model = Atan2()
&gt;       compiled_model = forge.compile(framework_model, sample_inputs=inputs)

forge/test/mlir/operators/eltwise_binary/test_eltwise_binary.py:42:
_ _ _ _ _ _ _ _ _ _ _ _ _ _ _ _ _ _ _ _ _ _ _ _ _ _ _ _ _ _ _ _ _ _ _ _ _ _ _ _ _ _ _ _ _ _ _ _ _ _ _ _ _ _ _ _ _ _ _ _ _ _ _ _ _ _ _ _ _ _ _ _ _ _ _ _ _ _ _ _ _ _ _ _ _ _ _ _ _ _ _ _ _ _ _ _ _ _ _ _ _ _ _ _ _ _ _ _ _ _ _ _ _ _ _ _ _ _ _ _ _ _ _
forge/forge/compile.py:250: in compile_main
    return forge_compile_from_context(compile_context)
forge/forge/compile.py:292: in forge_compile_from_context
    next_stage = stage_to_func[current_stage](context)
_ _ _ _ _ _ _ _ _ _ _ _ _ _ _ _ _ _ _ _ _ _ _ _ _ _ _ _ _ _ _ _ _ _ _ _ _ _ _ _ _ _ _ _ _ _ _ _ _ _ _ _ _ _ _ _ _ _ _ _ _ _ _ _ _ _ _ _ _ _ _ _ _ _ _ _ _ _ _ _ _ _ _ _ _ _ _ _ _ _ _ _ _ _ _ _ _ _ _ _ _ _ _ _ _ _ _ _ _ _ _ _ _ _ _ _ _ _ _ _ _ _ _

context = CompileContext(modules=[Module Atan2], graph_name='Atan2', compiler_cfg=CompilerConfig(enable_training=False, enable_r...cles_offset=0, forge_module=&lt;forge._C.ForgeGraphModule object at 0x7f1ed531d6b0&gt;, compiled_binary=None, attach_to=None)

    def run_mlir_compiler(context: CompileContext) -&gt; CompileDepth:
        assert context.forge_module is not None

&gt;       context.compiled_binary = forge._C.run_mlir_compiler(context.forge_module)
E       RuntimeError: Found Unsupported operations while lowering from TTForge to TTIR in forward graph

forge/forge/compile.py:967: RuntimeError</failure></testcase><testcase classname="forge.test.mlir.operators.eltwise_binary.test_eltwise_binary" name="test_atan2[shape3]" time="0.421"><properties><property name="frontend" value="tt-forge-fe" /><property name="start_timestamp" value="2025-02-18T08:20:01" /><property name="exec_phase" value="COMPILE" /><property name="exec_stage" value="SPLIT_GRAPH" /><property name="error" value="Found Unsupported operations while lowering from TTForge to TTIR in forward graph" /><property name="end_timestamp" value="2025-02-18T08:20:02" /></properties><failure message="RuntimeError: Found Unsupported operations while lowering from TTForge to TTIR in forward graph">shape = (5, 5)

    @pytest.mark.xfail(
        reason="RuntimeError: Found Unsupported operations while lowering from TTForge to TTIR in forward graph - Atan"
    )
    @pytest.mark.parametrize(
        "shape",
        [
            (300, 1),
            (1, 6, 18),
            (2, 2, 2),
            (5, 5),
            (745),
            (1, 256, 6, 6),
            (1, 512, 14, 14),
            (1, 3, 224, 224),
            (1, 34, 200, 224, 53),
        ],
    )
    @pytest.mark.push
    def test_atan2(shape):
        class Atan2(nn.Module):
            def __init__(self):
                super().__init__()

            def forward(self, x1, x2):
                return torch.atan2(x2, x1)

        inputs = [torch.randn(shape), torch.randn(shape)]
        framework_model = Atan2()
&gt;       compiled_model = forge.compile(framework_model, sample_inputs=inputs)

forge/test/mlir/operators/eltwise_binary/test_eltwise_binary.py:42:
_ _ _ _ _ _ _ _ _ _ _ _ _ _ _ _ _ _ _ _ _ _ _ _ _ _ _ _ _ _ _ _ _ _ _ _ _ _ _ _ _ _ _ _ _ _ _ _ _ _ _ _ _ _ _ _ _ _ _ _ _ _ _ _ _ _ _ _ _ _ _ _ _ _ _ _ _ _ _ _ _ _ _ _ _ _ _ _ _ _ _ _ _ _ _ _ _ _ _ _ _ _ _ _ _ _ _ _ _ _ _ _ _ _ _ _ _ _ _ _ _ _ _
forge/forge/compile.py:250: in compile_main
    return forge_compile_from_context(compile_context)
forge/forge/compile.py:292: in forge_compile_from_context
    next_stage = stage_to_func[current_stage](context)
_ _ _ _ _ _ _ _ _ _ _ _ _ _ _ _ _ _ _ _ _ _ _ _ _ _ _ _ _ _ _ _ _ _ _ _ _ _ _ _ _ _ _ _ _ _ _ _ _ _ _ _ _ _ _ _ _ _ _ _ _ _ _ _ _ _ _ _ _ _ _ _ _ _ _ _ _ _ _ _ _ _ _ _ _ _ _ _ _ _ _ _ _ _ _ _ _ _ _ _ _ _ _ _ _ _ _ _ _ _ _ _ _ _ _ _ _ _ _ _ _ _ _

context = CompileContext(modules=[Module Atan2], graph_name='Atan2', compiler_cfg=CompilerConfig(enable_training=False, enable_r...cles_offset=0, forge_module=&lt;forge._C.ForgeGraphModule object at 0x7f1e63b883f0&gt;, compiled_binary=None, attach_to=None)

    def run_mlir_compiler(context: CompileContext) -&gt; CompileDepth:
        assert context.forge_module is not None

&gt;       context.compiled_binary = forge._C.run_mlir_compiler(context.forge_module)
E       RuntimeError: Found Unsupported operations while lowering from TTForge to TTIR in forward graph

forge/forge/compile.py:967: RuntimeError</failure></testcase><testcase classname="forge.test.mlir.operators.eltwise_binary.test_eltwise_binary" name="test_atan2[745]" time="0.436"><properties><property name="frontend" value="tt-forge-fe" /><property name="start_timestamp" value="2025-02-18T08:20:02" /><property name="exec_phase" value="COMPILE" /><property name="exec_stage" value="SPLIT_GRAPH" /><property name="error" value="Found Unsupported operations while lowering from TTForge to TTIR in forward graph" /><property name="end_timestamp" value="2025-02-18T08:20:02" /></properties><failure message="RuntimeError: Found Unsupported operations while lowering from TTForge to TTIR in forward graph">shape = 745

    @pytest.mark.xfail(
        reason="RuntimeError: Found Unsupported operations while lowering from TTForge to TTIR in forward graph - Atan"
    )
    @pytest.mark.parametrize(
        "shape",
        [
            (300, 1),
            (1, 6, 18),
            (2, 2, 2),
            (5, 5),
            (745),
            (1, 256, 6, 6),
            (1, 512, 14, 14),
            (1, 3, 224, 224),
            (1, 34, 200, 224, 53),
        ],
    )
    @pytest.mark.push
    def test_atan2(shape):
        class Atan2(nn.Module):
            def __init__(self):
                super().__init__()

            def forward(self, x1, x2):
                return torch.atan2(x2, x1)

        inputs = [torch.randn(shape), torch.randn(shape)]
        framework_model = Atan2()
&gt;       compiled_model = forge.compile(framework_model, sample_inputs=inputs)

forge/test/mlir/operators/eltwise_binary/test_eltwise_binary.py:42:
_ _ _ _ _ _ _ _ _ _ _ _ _ _ _ _ _ _ _ _ _ _ _ _ _ _ _ _ _ _ _ _ _ _ _ _ _ _ _ _ _ _ _ _ _ _ _ _ _ _ _ _ _ _ _ _ _ _ _ _ _ _ _ _ _ _ _ _ _ _ _ _ _ _ _ _ _ _ _ _ _ _ _ _ _ _ _ _ _ _ _ _ _ _ _ _ _ _ _ _ _ _ _ _ _ _ _ _ _ _ _ _ _ _ _ _ _ _ _ _ _ _ _
forge/forge/compile.py:250: in compile_main
    return forge_compile_from_context(compile_context)
forge/forge/compile.py:292: in forge_compile_from_context
    next_stage = stage_to_func[current_stage](context)
_ _ _ _ _ _ _ _ _ _ _ _ _ _ _ _ _ _ _ _ _ _ _ _ _ _ _ _ _ _ _ _ _ _ _ _ _ _ _ _ _ _ _ _ _ _ _ _ _ _ _ _ _ _ _ _ _ _ _ _ _ _ _ _ _ _ _ _ _ _ _ _ _ _ _ _ _ _ _ _ _ _ _ _ _ _ _ _ _ _ _ _ _ _ _ _ _ _ _ _ _ _ _ _ _ _ _ _ _ _ _ _ _ _ _ _ _ _ _ _ _ _ _

context = CompileContext(modules=[Module Atan2], graph_name='Atan2', compiler_cfg=CompilerConfig(enable_training=False, enable_r...cles_offset=0, forge_module=&lt;forge._C.ForgeGraphModule object at 0x7f1e8511a8f0&gt;, compiled_binary=None, attach_to=None)

    def run_mlir_compiler(context: CompileContext) -&gt; CompileDepth:
        assert context.forge_module is not None

&gt;       context.compiled_binary = forge._C.run_mlir_compiler(context.forge_module)
E       RuntimeError: Found Unsupported operations while lowering from TTForge to TTIR in forward graph

forge/forge/compile.py:967: RuntimeError</failure></testcase><testcase classname="forge.test.mlir.operators.eltwise_binary.test_eltwise_binary" name="test_atan2[shape5]" time="0.432"><properties><property name="frontend" value="tt-forge-fe" /><property name="start_timestamp" value="2025-02-18T08:20:02" /><property name="exec_phase" value="COMPILE" /><property name="exec_stage" value="SPLIT_GRAPH" /><property name="error" value="Found Unsupported operations while lowering from TTForge to TTIR in forward graph" /><property name="end_timestamp" value="2025-02-18T08:20:02" /></properties><failure message="RuntimeError: Found Unsupported operations while lowering from TTForge to TTIR in forward graph">shape = (1, 256, 6, 6)

    @pytest.mark.xfail(
        reason="RuntimeError: Found Unsupported operations while lowering from TTForge to TTIR in forward graph - Atan"
    )
    @pytest.mark.parametrize(
        "shape",
        [
            (300, 1),
            (1, 6, 18),
            (2, 2, 2),
            (5, 5),
            (745),
            (1, 256, 6, 6),
            (1, 512, 14, 14),
            (1, 3, 224, 224),
            (1, 34, 200, 224, 53),
        ],
    )
    @pytest.mark.push
    def test_atan2(shape):
        class Atan2(nn.Module):
            def __init__(self):
                super().__init__()

            def forward(self, x1, x2):
                return torch.atan2(x2, x1)

        inputs = [torch.randn(shape), torch.randn(shape)]
        framework_model = Atan2()
&gt;       compiled_model = forge.compile(framework_model, sample_inputs=inputs)

forge/test/mlir/operators/eltwise_binary/test_eltwise_binary.py:42:
_ _ _ _ _ _ _ _ _ _ _ _ _ _ _ _ _ _ _ _ _ _ _ _ _ _ _ _ _ _ _ _ _ _ _ _ _ _ _ _ _ _ _ _ _ _ _ _ _ _ _ _ _ _ _ _ _ _ _ _ _ _ _ _ _ _ _ _ _ _ _ _ _ _ _ _ _ _ _ _ _ _ _ _ _ _ _ _ _ _ _ _ _ _ _ _ _ _ _ _ _ _ _ _ _ _ _ _ _ _ _ _ _ _ _ _ _ _ _ _ _ _ _
forge/forge/compile.py:250: in compile_main
    return forge_compile_from_context(compile_context)
forge/forge/compile.py:292: in forge_compile_from_context
    next_stage = stage_to_func[current_stage](context)
_ _ _ _ _ _ _ _ _ _ _ _ _ _ _ _ _ _ _ _ _ _ _ _ _ _ _ _ _ _ _ _ _ _ _ _ _ _ _ _ _ _ _ _ _ _ _ _ _ _ _ _ _ _ _ _ _ _ _ _ _ _ _ _ _ _ _ _ _ _ _ _ _ _ _ _ _ _ _ _ _ _ _ _ _ _ _ _ _ _ _ _ _ _ _ _ _ _ _ _ _ _ _ _ _ _ _ _ _ _ _ _ _ _ _ _ _ _ _ _ _ _ _

context = CompileContext(modules=[Module Atan2], graph_name='Atan2', compiler_cfg=CompilerConfig(enable_training=False, enable_r...cles_offset=0, forge_module=&lt;forge._C.ForgeGraphModule object at 0x7f1e63bba9f0&gt;, compiled_binary=None, attach_to=None)

    def run_mlir_compiler(context: CompileContext) -&gt; CompileDepth:
        assert context.forge_module is not None

&gt;       context.compiled_binary = forge._C.run_mlir_compiler(context.forge_module)
E       RuntimeError: Found Unsupported operations while lowering from TTForge to TTIR in forward graph

forge/forge/compile.py:967: RuntimeError</failure></testcase><testcase classname="forge.test.mlir.operators.eltwise_binary.test_eltwise_binary" name="test_atan2[shape6]" time="0.430"><properties><property name="frontend" value="tt-forge-fe" /><property name="start_timestamp" value="2025-02-18T08:20:03" /><property name="exec_phase" value="COMPILE" /><property name="exec_stage" value="SPLIT_GRAPH" /><property name="error" value="Found Unsupported operations while lowering from TTForge to TTIR in forward graph" /><property name="end_timestamp" value="2025-02-18T08:20:03" /></properties><failure message="RuntimeError: Found Unsupported operations while lowering from TTForge to TTIR in forward graph">shape = (1, 512, 14, 14)

    @pytest.mark.xfail(
        reason="RuntimeError: Found Unsupported operations while lowering from TTForge to TTIR in forward graph - Atan"
    )
    @pytest.mark.parametrize(
        "shape",
        [
            (300, 1),
            (1, 6, 18),
            (2, 2, 2),
            (5, 5),
            (745),
            (1, 256, 6, 6),
            (1, 512, 14, 14),
            (1, 3, 224, 224),
            (1, 34, 200, 224, 53),
        ],
    )
    @pytest.mark.push
    def test_atan2(shape):
        class Atan2(nn.Module):
            def __init__(self):
                super().__init__()

            def forward(self, x1, x2):
                return torch.atan2(x2, x1)

        inputs = [torch.randn(shape), torch.randn(shape)]
        framework_model = Atan2()
&gt;       compiled_model = forge.compile(framework_model, sample_inputs=inputs)

forge/test/mlir/operators/eltwise_binary/test_eltwise_binary.py:42:
_ _ _ _ _ _ _ _ _ _ _ _ _ _ _ _ _ _ _ _ _ _ _ _ _ _ _ _ _ _ _ _ _ _ _ _ _ _ _ _ _ _ _ _ _ _ _ _ _ _ _ _ _ _ _ _ _ _ _ _ _ _ _ _ _ _ _ _ _ _ _ _ _ _ _ _ _ _ _ _ _ _ _ _ _ _ _ _ _ _ _ _ _ _ _ _ _ _ _ _ _ _ _ _ _ _ _ _ _ _ _ _ _ _ _ _ _ _ _ _ _ _ _
forge/forge/compile.py:250: in compile_main
    return forge_compile_from_context(compile_context)
forge/forge/compile.py:292: in forge_compile_from_context
    next_stage = stage_to_func[current_stage](context)
_ _ _ _ _ _ _ _ _ _ _ _ _ _ _ _ _ _ _ _ _ _ _ _ _ _ _ _ _ _ _ _ _ _ _ _ _ _ _ _ _ _ _ _ _ _ _ _ _ _ _ _ _ _ _ _ _ _ _ _ _ _ _ _ _ _ _ _ _ _ _ _ _ _ _ _ _ _ _ _ _ _ _ _ _ _ _ _ _ _ _ _ _ _ _ _ _ _ _ _ _ _ _ _ _ _ _ _ _ _ _ _ _ _ _ _ _ _ _ _ _ _ _

context = CompileContext(modules=[Module Atan2], graph_name='Atan2', compiler_cfg=CompilerConfig(enable_training=False, enable_r...cles_offset=0, forge_module=&lt;forge._C.ForgeGraphModule object at 0x7f1e63c00cb0&gt;, compiled_binary=None, attach_to=None)

    def run_mlir_compiler(context: CompileContext) -&gt; CompileDepth:
        assert context.forge_module is not None

&gt;       context.compiled_binary = forge._C.run_mlir_compiler(context.forge_module)
E       RuntimeError: Found Unsupported operations while lowering from TTForge to TTIR in forward graph

forge/forge/compile.py:967: RuntimeError</failure></testcase><testcase classname="forge.test.mlir.operators.eltwise_binary.test_eltwise_binary" name="test_atan2[shape7]" time="0.422"><properties><property name="frontend" value="tt-forge-fe" /><property name="start_timestamp" value="2025-02-18T08:20:03" /><property name="exec_phase" value="COMPILE" /><property name="exec_stage" value="SPLIT_GRAPH" /><property name="error" value="Found Unsupported operations while lowering from TTForge to TTIR in forward graph" /><property name="end_timestamp" value="2025-02-18T08:20:03" /></properties><failure message="RuntimeError: Found Unsupported operations while lowering from TTForge to TTIR in forward graph">shape = (1, 3, 224, 224)

    @pytest.mark.xfail(
        reason="RuntimeError: Found Unsupported operations while lowering from TTForge to TTIR in forward graph - Atan"
    )
    @pytest.mark.parametrize(
        "shape",
        [
            (300, 1),
            (1, 6, 18),
            (2, 2, 2),
            (5, 5),
            (745),
            (1, 256, 6, 6),
            (1, 512, 14, 14),
            (1, 3, 224, 224),
            (1, 34, 200, 224, 53),
        ],
    )
    @pytest.mark.push
    def test_atan2(shape):
        class Atan2(nn.Module):
            def __init__(self):
                super().__init__()

            def forward(self, x1, x2):
                return torch.atan2(x2, x1)

        inputs = [torch.randn(shape), torch.randn(shape)]
        framework_model = Atan2()
&gt;       compiled_model = forge.compile(framework_model, sample_inputs=inputs)

forge/test/mlir/operators/eltwise_binary/test_eltwise_binary.py:42:
_ _ _ _ _ _ _ _ _ _ _ _ _ _ _ _ _ _ _ _ _ _ _ _ _ _ _ _ _ _ _ _ _ _ _ _ _ _ _ _ _ _ _ _ _ _ _ _ _ _ _ _ _ _ _ _ _ _ _ _ _ _ _ _ _ _ _ _ _ _ _ _ _ _ _ _ _ _ _ _ _ _ _ _ _ _ _ _ _ _ _ _ _ _ _ _ _ _ _ _ _ _ _ _ _ _ _ _ _ _ _ _ _ _ _ _ _ _ _ _ _ _ _
forge/forge/compile.py:250: in compile_main
    return forge_compile_from_context(compile_context)
forge/forge/compile.py:292: in forge_compile_from_context
    next_stage = stage_to_func[current_stage](context)
_ _ _ _ _ _ _ _ _ _ _ _ _ _ _ _ _ _ _ _ _ _ _ _ _ _ _ _ _ _ _ _ _ _ _ _ _ _ _ _ _ _ _ _ _ _ _ _ _ _ _ _ _ _ _ _ _ _ _ _ _ _ _ _ _ _ _ _ _ _ _ _ _ _ _ _ _ _ _ _ _ _ _ _ _ _ _ _ _ _ _ _ _ _ _ _ _ _ _ _ _ _ _ _ _ _ _ _ _ _ _ _ _ _ _ _ _ _ _ _ _ _ _

context = CompileContext(modules=[Module Atan2], graph_name='Atan2', compiler_cfg=CompilerConfig(enable_training=False, enable_r...cles_offset=0, forge_module=&lt;forge._C.ForgeGraphModule object at 0x7f1e63bf8cb0&gt;, compiled_binary=None, attach_to=None)

    def run_mlir_compiler(context: CompileContext) -&gt; CompileDepth:
        assert context.forge_module is not None

&gt;       context.compiled_binary = forge._C.run_mlir_compiler(context.forge_module)
E       RuntimeError: Found Unsupported operations while lowering from TTForge to TTIR in forward graph

forge/forge/compile.py:967: RuntimeError</failure></testcase><testcase classname="forge.test.mlir.operators.eltwise_binary.test_eltwise_binary" name="test_atan2[shape8]" time="5.526"><properties><property name="frontend" value="tt-forge-fe" /><property name="start_timestamp" value="2025-02-18T08:20:03" /><property name="exec_phase" value="COMPILE" /><property name="exec_stage" value="SPLIT_GRAPH" /><property name="error" value="Found Unsupported operations while lowering from TTForge to TTIR in forward graph" /><property name="end_timestamp" value="2025-02-18T08:20:09" /></properties><failure message="RuntimeError: Found Unsupported operations while lowering from TTForge to TTIR in forward graph">shape = (1, 34, 200, 224, 53)

    @pytest.mark.xfail(
        reason="RuntimeError: Found Unsupported operations while lowering from TTForge to TTIR in forward graph - Atan"
    )
    @pytest.mark.parametrize(
        "shape",
        [
            (300, 1),
            (1, 6, 18),
            (2, 2, 2),
            (5, 5),
            (745),
            (1, 256, 6, 6),
            (1, 512, 14, 14),
            (1, 3, 224, 224),
            (1, 34, 200, 224, 53),
        ],
    )
    @pytest.mark.push
    def test_atan2(shape):
        class Atan2(nn.Module):
            def __init__(self):
                super().__init__()

            def forward(self, x1, x2):
                return torch.atan2(x2, x1)

        inputs = [torch.randn(shape), torch.randn(shape)]
        framework_model = Atan2()
&gt;       compiled_model = forge.compile(framework_model, sample_inputs=inputs)

forge/test/mlir/operators/eltwise_binary/test_eltwise_binary.py:42:
_ _ _ _ _ _ _ _ _ _ _ _ _ _ _ _ _ _ _ _ _ _ _ _ _ _ _ _ _ _ _ _ _ _ _ _ _ _ _ _ _ _ _ _ _ _ _ _ _ _ _ _ _ _ _ _ _ _ _ _ _ _ _ _ _ _ _ _ _ _ _ _ _ _ _ _ _ _ _ _ _ _ _ _ _ _ _ _ _ _ _ _ _ _ _ _ _ _ _ _ _ _ _ _ _ _ _ _ _ _ _ _ _ _ _ _ _ _ _ _ _ _ _
forge/forge/compile.py:250: in compile_main
    return forge_compile_from_context(compile_context)
forge/forge/compile.py:292: in forge_compile_from_context
    next_stage = stage_to_func[current_stage](context)
_ _ _ _ _ _ _ _ _ _ _ _ _ _ _ _ _ _ _ _ _ _ _ _ _ _ _ _ _ _ _ _ _ _ _ _ _ _ _ _ _ _ _ _ _ _ _ _ _ _ _ _ _ _ _ _ _ _ _ _ _ _ _ _ _ _ _ _ _ _ _ _ _ _ _ _ _ _ _ _ _ _ _ _ _ _ _ _ _ _ _ _ _ _ _ _ _ _ _ _ _ _ _ _ _ _ _ _ _ _ _ _ _ _ _ _ _ _ _ _ _ _ _

context = CompileContext(modules=[Module Atan2], graph_name='Atan2', compiler_cfg=CompilerConfig(enable_training=False, enable_r...cles_offset=0, forge_module=&lt;forge._C.ForgeGraphModule object at 0x7f1e63c3ffb0&gt;, compiled_binary=None, attach_to=None)

    def run_mlir_compiler(context: CompileContext) -&gt; CompileDepth:
        assert context.forge_module is not None

&gt;       context.compiled_binary = forge._C.run_mlir_compiler(context.forge_module)
E       RuntimeError: Found Unsupported operations while lowering from TTForge to TTIR in forward graph

forge/forge/compile.py:967: RuntimeError</failure></testcase></testsuite></testsuites>
