<?xml version="1.0" encoding="utf-8"?><testsuites><testsuite name="pytest" errors="0" failures="0" skipped="117" tests="583" time="621.719" timestamp="2024-10-08T14:05:13.344923" hostname="1b3ca513495a"><testcase classname="forge.test.mlir.test_ops" name="test_add" time="10.015"><properties><property name="start_timestamp" value="2024-10-08T14:05:20" /><property name="end_timestamp" value="2024-10-08T14:05:30" /></properties></testcase><testcase classname="forge.test.mlir.test_ops" name="test_transpose[params0]" time="1.118"><properties><property name="start_timestamp" value="2024-10-08T14:05:30" /><property name="end_timestamp" value="2024-10-08T14:05:31" /></properties></testcase><testcase classname="forge.test.mlir.test_ops" name="test_transpose[params1]" time="0.339"><properties><property name="start_timestamp" value="2024-10-08T14:05:31" /><property name="end_timestamp" value="2024-10-08T14:05:32" /></properties></testcase><testcase classname="forge.test.mlir.test_ops" name="test_transpose[params2]" time="0.378"><properties><property name="start_timestamp" value="2024-10-08T14:05:32" /><property name="end_timestamp" value="2024-10-08T14:05:32" /></properties></testcase><testcase classname="forge.test.mlir.test_ops" name="test_transpose[params3]" time="0.339"><properties><property name="start_timestamp" value="2024-10-08T14:05:32" /><property name="end_timestamp" value="2024-10-08T14:05:32" /></properties></testcase><testcase classname="forge.test.mlir.test_ops" name="test_transpose[params4]" time="0.336"><properties><property name="start_timestamp" value="2024-10-08T14:05:32" /><property name="end_timestamp" value="2024-10-08T14:05:33" /></properties></testcase><testcase classname="forge.test.mlir.test_ops" name="test_transpose[params5]" time="0.339"><properties><property name="start_timestamp" value="2024-10-08T14:05:33" /><property name="end_timestamp" value="2024-10-08T14:05:33" /></properties></testcase><testcase classname="forge.test.mlir.test_ops" name="test_reshape[1]" time="0.364"><properties><property name="start_timestamp" value="2024-10-08T14:05:33" /><property name="end_timestamp" value="2024-10-08T14:05:33" /></properties></testcase><testcase classname="forge.test.mlir.test_ops" name="test_reshape[2]" time="0.339"><properties><property name="start_timestamp" value="2024-10-08T14:05:33" /><property name="end_timestamp" value="2024-10-08T14:05:34" /></properties></testcase><testcase classname="forge.test.mlir.test_ops" name="test_reshape[3]" time="0.428"><properties><property name="start_timestamp" value="2024-10-08T14:05:34" /><property name="end_timestamp" value="2024-10-08T14:05:34" /></properties></testcase><testcase classname="forge.test.mlir.test_ops" name="test_squeeze[input_shape_and_dim0]" time="0.346"><properties><property name="start_timestamp" value="2024-10-08T14:05:34" /><property name="end_timestamp" value="2024-10-08T14:05:34" /></properties></testcase><testcase classname="forge.test.mlir.test_ops" name="test_squeeze[input_shape_and_dim1]" time="0.348"><properties><property name="start_timestamp" value="2024-10-08T14:05:34" /><property name="end_timestamp" value="2024-10-08T14:05:35" /></properties></testcase><testcase classname="forge.test.mlir.test_ops" name="test_squeeze[input_shape_and_dim2]" time="0.349"><properties><property name="start_timestamp" value="2024-10-08T14:05:35" /><property name="end_timestamp" value="2024-10-08T14:05:35" /></properties></testcase><testcase classname="forge.test.mlir.test_ops" name="test_squeeze[input_shape_and_dim3]" time="0.346"><properties><property name="start_timestamp" value="2024-10-08T14:05:35" /><property name="end_timestamp" value="2024-10-08T14:05:35" /></properties></testcase><testcase classname="forge.test.mlir.test_ops" name="test_squeeze[input_shape_and_dim4]" time="0.350"><properties><property name="start_timestamp" value="2024-10-08T14:05:35" /><property name="end_timestamp" value="2024-10-08T14:05:36" /></properties></testcase><testcase classname="forge.test.mlir.test_ops" name="test_squeeze[input_shape_and_dim5]" time="0.346"><properties><property name="start_timestamp" value="2024-10-08T14:05:36" /><property name="end_timestamp" value="2024-10-08T14:05:36" /></properties></testcase><testcase classname="forge.test.mlir.test_ops" name="test_squeeze[input_shape_and_dim6]" time="0.003"><properties><property name="start_timestamp" value="2024-10-08T14:05:36" /><property name="end_timestamp" value="2024-10-08T14:05:37" /></properties><skipped type="pytest.xfail" message="TTNN: Tensor layout issues with non tile dim aligned shapes" /></testcase><testcase classname="forge.test.mlir.test_ops" name="test_unsqueeze[input_shape_and_dim0]" time="0.346"><properties><property name="start_timestamp" value="2024-10-08T14:05:37" /><property name="end_timestamp" value="2024-10-08T14:05:37" /></properties></testcase><testcase classname="forge.test.mlir.test_ops" name="test_unsqueeze[input_shape_and_dim1]" time="0.348"><properties><property name="start_timestamp" value="2024-10-08T14:05:37" /><property name="end_timestamp" value="2024-10-08T14:05:37" /></properties></testcase><testcase classname="forge.test.mlir.test_ops" name="test_unsqueeze[input_shape_and_dim2]" time="0.346"><properties><property name="start_timestamp" value="2024-10-08T14:05:37" /><property name="end_timestamp" value="2024-10-08T14:05:38" /></properties></testcase><testcase classname="forge.test.mlir.test_ops" name="test_unsqueeze[input_shape_and_dim3]" time="0.342"><properties><property name="start_timestamp" value="2024-10-08T14:05:38" /><property name="end_timestamp" value="2024-10-08T14:05:38" /></properties></testcase><testcase classname="forge.test.mlir.test_ops" name="test_unsqueeze[input_shape_and_dim4]" time="0.348"><properties><property name="start_timestamp" value="2024-10-08T14:05:38" /><property name="end_timestamp" value="2024-10-08T14:05:38" /></properties></testcase><testcase classname="forge.test.mlir.test_ops" name="test_unsqueeze[input_shape_and_dim5]" time="0.002"><properties><property name="start_timestamp" value="2024-10-08T14:05:38" /><property name="end_timestamp" value="2024-10-08T14:05:38" /></properties><skipped type="pytest.xfail" message="TTNN: Tensor layout issues with non tile dim aligned shapes" /></testcase><testcase classname="forge.test.mlir.test_ops" name="test_concat[0]" time="0.761"><properties><property name="start_timestamp" value="2024-10-08T14:05:38" /><property name="end_timestamp" value="2024-10-08T14:05:39" /></properties></testcase><testcase classname="forge.test.mlir.test_ops" name="test_concat[1]" time="0.366"><properties><property name="start_timestamp" value="2024-10-08T14:05:39" /><property name="end_timestamp" value="2024-10-08T14:05:39" /></properties></testcase><testcase classname="forge.test.mlir.test_ops" name="test_concat[2]" time="0.364"><properties><property name="start_timestamp" value="2024-10-08T14:05:39" /><property name="end_timestamp" value="2024-10-08T14:05:40" /></properties></testcase><testcase classname="forge.test.mlir.test_ops" name="test_concat[3]" time="0.365"><properties><property name="start_timestamp" value="2024-10-08T14:05:40" /><property name="end_timestamp" value="2024-10-08T14:05:40" /></properties></testcase><testcase classname="forge.test.mlir.test_ops" name="test_concat[-1]" time="0.364"><properties><property name="start_timestamp" value="2024-10-08T14:05:40" /><property name="end_timestamp" value="2024-10-08T14:05:41" /></properties></testcase><testcase classname="forge.test.mlir.test_ops" name="test_concat[-2]" time="0.368"><properties><property name="start_timestamp" value="2024-10-08T14:05:41" /><property name="end_timestamp" value="2024-10-08T14:05:41" /></properties></testcase><testcase classname="forge.test.mlir.test_ops" name="test_concat[-3]" time="0.370"><properties><property name="start_timestamp" value="2024-10-08T14:05:41" /><property name="end_timestamp" value="2024-10-08T14:05:41" /></properties></testcase><testcase classname="forge.test.mlir.test_ops" name="test_concat[-4]" time="0.364"><properties><property name="start_timestamp" value="2024-10-08T14:05:41" /><property name="end_timestamp" value="2024-10-08T14:05:42" /></properties></testcase><testcase classname="forge.test.mlir.test_ops" name="test_greater_equal[dims0]" time="1.100"><properties><property name="start_timestamp" value="2024-10-08T14:05:42" /><property name="end_timestamp" value="2024-10-08T14:05:43" /></properties></testcase><testcase classname="forge.test.mlir.test_ops" name="test_greater_equal[dims1]" time="0.348"><properties><property name="start_timestamp" value="2024-10-08T14:05:43" /><property name="end_timestamp" value="2024-10-08T14:05:43" /></properties></testcase><testcase classname="forge.test.mlir.test_ops" name="test_greater_equal[dims2]" time="0.346"><properties><property name="start_timestamp" value="2024-10-08T14:05:43" /><property name="end_timestamp" value="2024-10-08T14:05:43" /></properties></testcase><testcase classname="forge.test.mlir.test_ops" name="test_subtract" time="0.773"><properties><property name="start_timestamp" value="2024-10-08T14:05:43" /><property name="end_timestamp" value="2024-10-08T14:05:44" /></properties></testcase><testcase classname="forge.test.mlir.test_ops" name="test_multiply[shape0]" time="0.744"><properties><property name="start_timestamp" value="2024-10-08T14:05:44" /><property name="end_timestamp" value="2024-10-08T14:05:45" /></properties></testcase><testcase classname="forge.test.mlir.test_ops" name="test_multiply[shape1]" time="0.372"><properties><property name="start_timestamp" value="2024-10-08T14:05:45" /><property name="end_timestamp" value="2024-10-08T14:05:45" /></properties></testcase><testcase classname="forge.test.mlir.test_ops" name="test_relu" time="0.806"><properties><property name="start_timestamp" value="2024-10-08T14:05:45" /><property name="end_timestamp" value="2024-10-08T14:05:46" /></properties></testcase><testcase classname="forge.test.mlir.test_ops" name="test_linear" time="0.000"><skipped type="pytest.skip" message="This is not ready yet">/__w/tt-forge-fe/tt-forge-fe/forge/test/mlir/test_ops.py:283: This is not ready yet</skipped></testcase><testcase classname="forge.test.mlir.test_ops" name="test_softmax" time="1.126"><properties><property name="start_timestamp" value="2024-10-08T14:05:46" /><property name="end_timestamp" value="2024-10-08T14:05:47" /></properties></testcase><testcase classname="forge.test.mlir.test_ops" name="test_reduce_sum[-1-32]" time="0.875"><properties><property name="start_timestamp" value="2024-10-08T14:05:47" /><property name="end_timestamp" value="2024-10-08T14:05:48" /></properties></testcase><testcase classname="forge.test.mlir.test_ops" name="test_reduce_sum[-1-64]" time="0.806"><properties><property name="start_timestamp" value="2024-10-08T14:05:48" /><property name="end_timestamp" value="2024-10-08T14:05:49" /></properties></testcase><testcase classname="forge.test.mlir.test_ops" name="test_reduce_sum[-1-128]" time="1.209"><properties><property name="start_timestamp" value="2024-10-08T14:05:49" /><property name="end_timestamp" value="2024-10-08T14:05:50" /></properties></testcase><testcase classname="forge.test.mlir.test_ops" name="test_reduce_sum[-2-32]" time="0.948"><properties><property name="start_timestamp" value="2024-10-08T14:05:50" /><property name="end_timestamp" value="2024-10-08T14:05:51" /></properties></testcase><testcase classname="forge.test.mlir.test_ops" name="test_reduce_sum[-2-64]" time="0.747"><properties><property name="start_timestamp" value="2024-10-08T14:05:51" /><property name="end_timestamp" value="2024-10-08T14:05:52" /></properties></testcase><testcase classname="forge.test.mlir.test_ops" name="test_reduce_sum[-2-128]" time="1.237"><properties><property name="start_timestamp" value="2024-10-08T14:05:52" /><property name="end_timestamp" value="2024-10-08T14:05:53" /></properties></testcase><testcase classname="forge.test.mlir.test_ops" name="test_reduce_mean[-1-input_shape0]" time="0.002"><properties><property name="start_timestamp" value="2024-10-08T14:05:53" /><property name="end_timestamp" value="2024-10-08T14:05:53" /></properties><skipped type="pytest.xfail" message="TTNN: Issues with ttnn implicit reshape" /></testcase><testcase classname="forge.test.mlir.test_ops" name="test_reduce_mean[-1-input_shape1]" time="0.002"><properties><property name="start_timestamp" value="2024-10-08T14:05:53" /><property name="end_timestamp" value="2024-10-08T14:05:53" /></properties><skipped type="pytest.xfail" message="TTNN: Issues with ttnn implicit reshape" /></testcase><testcase classname="forge.test.mlir.test_ops" name="test_reduce_mean[-1-input_shape2]" time="0.002"><properties><property name="start_timestamp" value="2024-10-08T14:05:53" /><property name="end_timestamp" value="2024-10-08T14:05:53" /></properties><skipped type="pytest.xfail" message="TTNN: Issues with ttnn implicit reshape" /></testcase><testcase classname="forge.test.mlir.test_ops" name="test_reduce_mean[-1-input_shape3]" time="0.713"><properties><property name="start_timestamp" value="2024-10-08T14:05:53" /><property name="end_timestamp" value="2024-10-08T14:05:54" /></properties></testcase><testcase classname="forge.test.mlir.test_ops" name="test_reduce_mean[-1-input_shape4]" time="0.714"><properties><property name="start_timestamp" value="2024-10-08T14:05:54" /><property name="end_timestamp" value="2024-10-08T14:05:55" /></properties></testcase><testcase classname="forge.test.mlir.test_ops" name="test_reduce_mean[-1-input_shape5]" time="0.785"><properties><property name="start_timestamp" value="2024-10-08T14:05:55" /><property name="end_timestamp" value="2024-10-08T14:05:55" /></properties></testcase><testcase classname="forge.test.mlir.test_ops" name="test_reduce_mean[-2-input_shape0]" time="0.002"><properties><property name="start_timestamp" value="2024-10-08T14:05:55" /><property name="end_timestamp" value="2024-10-08T14:05:55" /></properties><skipped type="pytest.xfail" message="TTNN: Issues with ttnn implicit reshape" /></testcase><testcase classname="forge.test.mlir.test_ops" name="test_reduce_mean[-2-input_shape1]" time="0.002"><properties><property name="start_timestamp" value="2024-10-08T14:05:55" /><property name="end_timestamp" value="2024-10-08T14:05:55" /></properties><skipped type="pytest.xfail" message="TTNN: Issues with ttnn implicit reshape" /></testcase><testcase classname="forge.test.mlir.test_ops" name="test_reduce_mean[-2-input_shape2]" time="0.002"><properties><property name="start_timestamp" value="2024-10-08T14:05:55" /><property name="end_timestamp" value="2024-10-08T14:05:55" /></properties><skipped type="pytest.xfail" message="TTNN: Issues with ttnn implicit reshape" /></testcase><testcase classname="forge.test.mlir.test_ops" name="test_reduce_mean[-2-input_shape3]" time="0.716"><properties><property name="start_timestamp" value="2024-10-08T14:05:55" /><property name="end_timestamp" value="2024-10-08T14:05:56" /></properties></testcase><testcase classname="forge.test.mlir.test_ops" name="test_reduce_mean[-2-input_shape4]" time="0.717"><properties><property name="start_timestamp" value="2024-10-08T14:05:56" /><property name="end_timestamp" value="2024-10-08T14:05:57" /></properties></testcase><testcase classname="forge.test.mlir.test_ops" name="test_reduce_mean[-2-input_shape5]" time="0.792"><properties><property name="start_timestamp" value="2024-10-08T14:05:57" /><property name="end_timestamp" value="2024-10-08T14:05:58" /></properties></testcase><testcase classname="forge.test.mlir.test_ops" name="test_matmul[1-7-7-1]" time="0.825"><properties><property name="start_timestamp" value="2024-10-08T14:05:58" /><property name="end_timestamp" value="2024-10-08T14:05:58" /></properties></testcase><testcase classname="forge.test.mlir.test_ops" name="test_matmul[1-7-7-7]" time="0.377"><properties><property name="start_timestamp" value="2024-10-08T14:05:59" /><property name="end_timestamp" value="2024-10-08T14:05:59" /></properties></testcase><testcase classname="forge.test.mlir.test_ops" name="test_matmul[1-7-7-32]" time="0.371"><properties><property name="start_timestamp" value="2024-10-08T14:05:59" /><property name="end_timestamp" value="2024-10-08T14:05:59" /></properties></testcase><testcase classname="forge.test.mlir.test_ops" name="test_matmul[1-7-32-1]" time="0.370"><properties><property name="start_timestamp" value="2024-10-08T14:05:59" /><property name="end_timestamp" value="2024-10-08T14:06:00" /></properties></testcase><testcase classname="forge.test.mlir.test_ops" name="test_matmul[1-7-32-7]" time="0.376"><properties><property name="start_timestamp" value="2024-10-08T14:06:00" /><property name="end_timestamp" value="2024-10-08T14:06:00" /></properties></testcase><testcase classname="forge.test.mlir.test_ops" name="test_matmul[1-7-32-32]" time="0.377"><properties><property name="start_timestamp" value="2024-10-08T14:06:00" /><property name="end_timestamp" value="2024-10-08T14:06:00" /></properties></testcase><testcase classname="forge.test.mlir.test_ops" name="test_matmul[1-7-41-1]" time="0.371"><properties><property name="start_timestamp" value="2024-10-08T14:06:00" /><property name="end_timestamp" value="2024-10-08T14:06:01" /></properties></testcase><testcase classname="forge.test.mlir.test_ops" name="test_matmul[1-7-41-7]" time="0.378"><properties><property name="start_timestamp" value="2024-10-08T14:06:01" /><property name="end_timestamp" value="2024-10-08T14:06:01" /></properties></testcase><testcase classname="forge.test.mlir.test_ops" name="test_matmul[1-7-41-32]" time="0.820"><properties><property name="start_timestamp" value="2024-10-08T14:06:01" /><property name="end_timestamp" value="2024-10-08T14:06:02" /></properties></testcase><testcase classname="forge.test.mlir.test_ops" name="test_matmul[1-7-64-1]" time="0.373"><properties><property name="start_timestamp" value="2024-10-08T14:06:02" /><property name="end_timestamp" value="2024-10-08T14:06:02" /></properties></testcase><testcase classname="forge.test.mlir.test_ops" name="test_matmul[1-7-64-7]" time="0.372"><properties><property name="start_timestamp" value="2024-10-08T14:06:02" /><property name="end_timestamp" value="2024-10-08T14:06:03" /></properties></testcase><testcase classname="forge.test.mlir.test_ops" name="test_matmul[1-7-64-32]" time="0.376"><properties><property name="start_timestamp" value="2024-10-08T14:06:03" /><property name="end_timestamp" value="2024-10-08T14:06:03" /></properties></testcase><testcase classname="forge.test.mlir.test_ops" name="test_matmul[1-32-7-1]" time="0.375"><properties><property name="start_timestamp" value="2024-10-08T14:06:03" /><property name="end_timestamp" value="2024-10-08T14:06:03" /></properties></testcase><testcase classname="forge.test.mlir.test_ops" name="test_matmul[1-32-7-7]" time="0.371"><properties><property name="start_timestamp" value="2024-10-08T14:06:03" /><property name="end_timestamp" value="2024-10-08T14:06:04" /></properties></testcase><testcase classname="forge.test.mlir.test_ops" name="test_matmul[1-32-7-32]" time="0.375"><properties><property name="start_timestamp" value="2024-10-08T14:06:04" /><property name="end_timestamp" value="2024-10-08T14:06:04" /></properties></testcase><testcase classname="forge.test.mlir.test_ops" name="test_matmul[1-32-32-1]" time="0.369"><properties><property name="start_timestamp" value="2024-10-08T14:06:04" /><property name="end_timestamp" value="2024-10-08T14:06:05" /></properties></testcase><testcase classname="forge.test.mlir.test_ops" name="test_matmul[1-32-32-7]" time="0.373"><properties><property name="start_timestamp" value="2024-10-08T14:06:05" /><property name="end_timestamp" value="2024-10-08T14:06:05" /></properties></testcase><testcase classname="forge.test.mlir.test_ops" name="test_matmul[1-32-32-32]" time="0.375"><properties><property name="start_timestamp" value="2024-10-08T14:06:05" /><property name="end_timestamp" value="2024-10-08T14:06:05" /></properties></testcase><testcase classname="forge.test.mlir.test_ops" name="test_matmul[1-32-41-1]" time="0.371"><properties><property name="start_timestamp" value="2024-10-08T14:06:05" /><property name="end_timestamp" value="2024-10-08T14:06:06" /></properties></testcase><testcase classname="forge.test.mlir.test_ops" name="test_matmul[1-32-41-7]" time="0.373"><properties><property name="start_timestamp" value="2024-10-08T14:06:06" /><property name="end_timestamp" value="2024-10-08T14:06:06" /></properties></testcase><testcase classname="forge.test.mlir.test_ops" name="test_matmul[1-32-41-32]" time="0.378"><properties><property name="start_timestamp" value="2024-10-08T14:06:06" /><property name="end_timestamp" value="2024-10-08T14:06:06" /></properties></testcase><testcase classname="forge.test.mlir.test_ops" name="test_matmul[1-32-64-1]" time="0.372"><properties><property name="start_timestamp" value="2024-10-08T14:06:06" /><property name="end_timestamp" value="2024-10-08T14:06:07" /></properties></testcase><testcase classname="forge.test.mlir.test_ops" name="test_matmul[1-32-64-7]" time="0.373"><properties><property name="start_timestamp" value="2024-10-08T14:06:07" /><property name="end_timestamp" value="2024-10-08T14:06:07" /></properties></testcase><testcase classname="forge.test.mlir.test_ops" name="test_matmul[1-32-64-32]" time="0.380"><properties><property name="start_timestamp" value="2024-10-08T14:06:07" /><property name="end_timestamp" value="2024-10-08T14:06:08" /></properties></testcase><testcase classname="forge.test.mlir.test_ops" name="test_matmul[1-41-7-1]" time="0.372"><properties><property name="start_timestamp" value="2024-10-08T14:06:08" /><property name="end_timestamp" value="2024-10-08T14:06:08" /></properties></testcase><testcase classname="forge.test.mlir.test_ops" name="test_matmul[1-41-7-7]" time="0.372"><properties><property name="start_timestamp" value="2024-10-08T14:06:08" /><property name="end_timestamp" value="2024-10-08T14:06:08" /></properties></testcase><testcase classname="forge.test.mlir.test_ops" name="test_matmul[1-41-7-32]" time="0.373"><properties><property name="start_timestamp" value="2024-10-08T14:06:08" /><property name="end_timestamp" value="2024-10-08T14:06:09" /></properties></testcase><testcase classname="forge.test.mlir.test_ops" name="test_matmul[1-41-32-1]" time="0.376"><properties><property name="start_timestamp" value="2024-10-08T14:06:09" /><property name="end_timestamp" value="2024-10-08T14:06:09" /></properties></testcase><testcase classname="forge.test.mlir.test_ops" name="test_matmul[1-41-32-7]" time="0.373"><properties><property name="start_timestamp" value="2024-10-08T14:06:09" /><property name="end_timestamp" value="2024-10-08T14:06:09" /></properties></testcase><testcase classname="forge.test.mlir.test_ops" name="test_matmul[1-41-32-32]" time="0.379"><properties><property name="start_timestamp" value="2024-10-08T14:06:09" /><property name="end_timestamp" value="2024-10-08T14:06:10" /></properties></testcase><testcase classname="forge.test.mlir.test_ops" name="test_matmul[1-41-41-1]" time="0.375"><properties><property name="start_timestamp" value="2024-10-08T14:06:10" /><property name="end_timestamp" value="2024-10-08T14:06:10" /></properties></testcase><testcase classname="forge.test.mlir.test_ops" name="test_matmul[1-41-41-7]" time="0.377"><properties><property name="start_timestamp" value="2024-10-08T14:06:10" /><property name="end_timestamp" value="2024-10-08T14:06:11" /></properties></testcase><testcase classname="forge.test.mlir.test_ops" name="test_matmul[1-41-41-32]" time="0.812"><properties><property name="start_timestamp" value="2024-10-08T14:06:11" /><property name="end_timestamp" value="2024-10-08T14:06:11" /></properties></testcase><testcase classname="forge.test.mlir.test_ops" name="test_matmul[1-41-64-1]" time="0.374"><properties><property name="start_timestamp" value="2024-10-08T14:06:11" /><property name="end_timestamp" value="2024-10-08T14:06:12" /></properties></testcase><testcase classname="forge.test.mlir.test_ops" name="test_matmul[1-41-64-7]" time="0.375"><properties><property name="start_timestamp" value="2024-10-08T14:06:12" /><property name="end_timestamp" value="2024-10-08T14:06:12" /></properties></testcase><testcase classname="forge.test.mlir.test_ops" name="test_matmul[1-41-64-32]" time="0.383"><properties><property name="start_timestamp" value="2024-10-08T14:06:12" /><property name="end_timestamp" value="2024-10-08T14:06:13" /></properties></testcase><testcase classname="forge.test.mlir.test_ops" name="test_matmul[1-64-7-1]" time="0.376"><properties><property name="start_timestamp" value="2024-10-08T14:06:13" /><property name="end_timestamp" value="2024-10-08T14:06:13" /></properties></testcase><testcase classname="forge.test.mlir.test_ops" name="test_matmul[1-64-7-7]" time="0.374"><properties><property name="start_timestamp" value="2024-10-08T14:06:13" /><property name="end_timestamp" value="2024-10-08T14:06:13" /></properties></testcase><testcase classname="forge.test.mlir.test_ops" name="test_matmul[1-64-7-32]" time="0.375"><properties><property name="start_timestamp" value="2024-10-08T14:06:13" /><property name="end_timestamp" value="2024-10-08T14:06:14" /></properties></testcase><testcase classname="forge.test.mlir.test_ops" name="test_matmul[1-64-32-1]" time="0.372"><properties><property name="start_timestamp" value="2024-10-08T14:06:14" /><property name="end_timestamp" value="2024-10-08T14:06:14" /></properties></testcase><testcase classname="forge.test.mlir.test_ops" name="test_matmul[1-64-32-7]" time="0.384"><properties><property name="start_timestamp" value="2024-10-08T14:06:14" /><property name="end_timestamp" value="2024-10-08T14:06:14" /></properties></testcase><testcase classname="forge.test.mlir.test_ops" name="test_matmul[1-64-32-32]" time="0.384"><properties><property name="start_timestamp" value="2024-10-08T14:06:14" /><property name="end_timestamp" value="2024-10-08T14:06:15" /></properties></testcase><testcase classname="forge.test.mlir.test_ops" name="test_matmul[1-64-41-1]" time="0.382"><properties><property name="start_timestamp" value="2024-10-08T14:06:15" /><property name="end_timestamp" value="2024-10-08T14:06:15" /></properties></testcase><testcase classname="forge.test.mlir.test_ops" name="test_matmul[1-64-41-7]" time="0.386"><properties><property name="start_timestamp" value="2024-10-08T14:06:15" /><property name="end_timestamp" value="2024-10-08T14:06:16" /></properties></testcase><testcase classname="forge.test.mlir.test_ops" name="test_matmul[1-64-41-32]" time="0.387"><properties><property name="start_timestamp" value="2024-10-08T14:06:16" /><property name="end_timestamp" value="2024-10-08T14:06:16" /></properties></testcase><testcase classname="forge.test.mlir.test_ops" name="test_matmul[1-64-64-1]" time="0.373"><properties><property name="start_timestamp" value="2024-10-08T14:06:16" /><property name="end_timestamp" value="2024-10-08T14:06:16" /></properties></testcase><testcase classname="forge.test.mlir.test_ops" name="test_matmul[1-64-64-7]" time="0.374"><properties><property name="start_timestamp" value="2024-10-08T14:06:16" /><property name="end_timestamp" value="2024-10-08T14:06:17" /></properties></testcase><testcase classname="forge.test.mlir.test_ops" name="test_matmul[1-64-64-32]" time="0.387"><properties><property name="start_timestamp" value="2024-10-08T14:06:17" /><property name="end_timestamp" value="2024-10-08T14:06:17" /></properties></testcase><testcase classname="forge.test.mlir.test_ops" name="test_matmul[7-7-7-1]" time="0.374"><properties><property name="start_timestamp" value="2024-10-08T14:06:17" /><property name="end_timestamp" value="2024-10-08T14:06:17" /></properties></testcase><testcase classname="forge.test.mlir.test_ops" name="test_matmul[7-7-7-7]" time="0.371"><properties><property name="start_timestamp" value="2024-10-08T14:06:17" /><property name="end_timestamp" value="2024-10-08T14:06:18" /></properties></testcase><testcase classname="forge.test.mlir.test_ops" name="test_matmul[7-7-7-32]" time="0.375"><properties><property name="start_timestamp" value="2024-10-08T14:06:18" /><property name="end_timestamp" value="2024-10-08T14:06:18" /></properties></testcase><testcase classname="forge.test.mlir.test_ops" name="test_matmul[7-7-32-1]" time="0.372"><properties><property name="start_timestamp" value="2024-10-08T14:06:18" /><property name="end_timestamp" value="2024-10-08T14:06:19" /></properties></testcase><testcase classname="forge.test.mlir.test_ops" name="test_matmul[7-7-32-7]" time="0.379"><properties><property name="start_timestamp" value="2024-10-08T14:06:19" /><property name="end_timestamp" value="2024-10-08T14:06:19" /></properties></testcase><testcase classname="forge.test.mlir.test_ops" name="test_matmul[7-7-32-32]" time="0.381"><properties><property name="start_timestamp" value="2024-10-08T14:06:19" /><property name="end_timestamp" value="2024-10-08T14:06:19" /></properties></testcase><testcase classname="forge.test.mlir.test_ops" name="test_matmul[7-7-41-1]" time="0.380"><properties><property name="start_timestamp" value="2024-10-08T14:06:19" /><property name="end_timestamp" value="2024-10-08T14:06:20" /></properties></testcase><testcase classname="forge.test.mlir.test_ops" name="test_matmul[7-7-41-7]" time="0.381"><properties><property name="start_timestamp" value="2024-10-08T14:06:20" /><property name="end_timestamp" value="2024-10-08T14:06:20" /></properties></testcase><testcase classname="forge.test.mlir.test_ops" name="test_matmul[7-7-41-32]" time="0.380"><properties><property name="start_timestamp" value="2024-10-08T14:06:20" /><property name="end_timestamp" value="2024-10-08T14:06:21" /></properties></testcase><testcase classname="forge.test.mlir.test_ops" name="test_matmul[7-7-64-1]" time="0.379"><properties><property name="start_timestamp" value="2024-10-08T14:06:21" /><property name="end_timestamp" value="2024-10-08T14:06:21" /></properties></testcase><testcase classname="forge.test.mlir.test_ops" name="test_matmul[7-7-64-7]" time="0.377"><properties><property name="start_timestamp" value="2024-10-08T14:06:21" /><property name="end_timestamp" value="2024-10-08T14:06:21" /></properties></testcase><testcase classname="forge.test.mlir.test_ops" name="test_matmul[7-7-64-32]" time="0.382"><properties><property name="start_timestamp" value="2024-10-08T14:06:21" /><property name="end_timestamp" value="2024-10-08T14:06:22" /></properties></testcase><testcase classname="forge.test.mlir.test_ops" name="test_matmul[7-32-7-1]" time="0.380"><properties><property name="start_timestamp" value="2024-10-08T14:06:22" /><property name="end_timestamp" value="2024-10-08T14:06:22" /></properties></testcase><testcase classname="forge.test.mlir.test_ops" name="test_matmul[7-32-7-7]" time="0.376"><properties><property name="start_timestamp" value="2024-10-08T14:06:22" /><property name="end_timestamp" value="2024-10-08T14:06:22" /></properties></testcase><testcase classname="forge.test.mlir.test_ops" name="test_matmul[7-32-7-32]" time="0.379"><properties><property name="start_timestamp" value="2024-10-08T14:06:22" /><property name="end_timestamp" value="2024-10-08T14:06:23" /></properties></testcase><testcase classname="forge.test.mlir.test_ops" name="test_matmul[7-32-32-1]" time="0.375"><properties><property name="start_timestamp" value="2024-10-08T14:06:23" /><property name="end_timestamp" value="2024-10-08T14:06:23" /></properties></testcase><testcase classname="forge.test.mlir.test_ops" name="test_matmul[7-32-32-7]" time="0.375"><properties><property name="start_timestamp" value="2024-10-08T14:06:23" /><property name="end_timestamp" value="2024-10-08T14:06:24" /></properties></testcase><testcase classname="forge.test.mlir.test_ops" name="test_matmul[7-32-32-32]" time="0.377"><properties><property name="start_timestamp" value="2024-10-08T14:06:24" /><property name="end_timestamp" value="2024-10-08T14:06:24" /></properties></testcase><testcase classname="forge.test.mlir.test_ops" name="test_matmul[7-32-41-1]" time="0.375"><properties><property name="start_timestamp" value="2024-10-08T14:06:24" /><property name="end_timestamp" value="2024-10-08T14:06:24" /></properties></testcase><testcase classname="forge.test.mlir.test_ops" name="test_matmul[7-32-41-7]" time="0.381"><properties><property name="start_timestamp" value="2024-10-08T14:06:24" /><property name="end_timestamp" value="2024-10-08T14:06:25" /></properties></testcase><testcase classname="forge.test.mlir.test_ops" name="test_matmul[7-32-41-32]" time="0.379"><properties><property name="start_timestamp" value="2024-10-08T14:06:25" /><property name="end_timestamp" value="2024-10-08T14:06:25" /></properties></testcase><testcase classname="forge.test.mlir.test_ops" name="test_matmul[7-32-64-1]" time="0.380"><properties><property name="start_timestamp" value="2024-10-08T14:06:25" /><property name="end_timestamp" value="2024-10-08T14:06:25" /></properties></testcase><testcase classname="forge.test.mlir.test_ops" name="test_matmul[7-32-64-7]" time="0.373"><properties><property name="start_timestamp" value="2024-10-08T14:06:25" /><property name="end_timestamp" value="2024-10-08T14:06:26" /></properties></testcase><testcase classname="forge.test.mlir.test_ops" name="test_matmul[7-32-64-32]" time="0.386"><properties><property name="start_timestamp" value="2024-10-08T14:06:26" /><property name="end_timestamp" value="2024-10-08T14:06:26" /></properties></testcase><testcase classname="forge.test.mlir.test_ops" name="test_matmul[7-41-7-1]" time="0.375"><properties><property name="start_timestamp" value="2024-10-08T14:06:26" /><property name="end_timestamp" value="2024-10-08T14:06:27" /></properties></testcase><testcase classname="forge.test.mlir.test_ops" name="test_matmul[7-41-7-7]" time="0.371"><properties><property name="start_timestamp" value="2024-10-08T14:06:27" /><property name="end_timestamp" value="2024-10-08T14:06:27" /></properties></testcase><testcase classname="forge.test.mlir.test_ops" name="test_matmul[7-41-7-32]" time="0.381"><properties><property name="start_timestamp" value="2024-10-08T14:06:27" /><property name="end_timestamp" value="2024-10-08T14:06:27" /></properties></testcase><testcase classname="forge.test.mlir.test_ops" name="test_matmul[7-41-32-1]" time="0.374"><properties><property name="start_timestamp" value="2024-10-08T14:06:27" /><property name="end_timestamp" value="2024-10-08T14:06:28" /></properties></testcase><testcase classname="forge.test.mlir.test_ops" name="test_matmul[7-41-32-7]" time="0.374"><properties><property name="start_timestamp" value="2024-10-08T14:06:28" /><property name="end_timestamp" value="2024-10-08T14:06:28" /></properties></testcase><testcase classname="forge.test.mlir.test_ops" name="test_matmul[7-41-32-32]" time="0.383"><properties><property name="start_timestamp" value="2024-10-08T14:06:28" /><property name="end_timestamp" value="2024-10-08T14:06:28" /></properties></testcase><testcase classname="forge.test.mlir.test_ops" name="test_matmul[7-41-41-1]" time="0.379"><properties><property name="start_timestamp" value="2024-10-08T14:06:28" /><property name="end_timestamp" value="2024-10-08T14:06:29" /></properties></testcase><testcase classname="forge.test.mlir.test_ops" name="test_matmul[7-41-41-7]" time="0.380"><properties><property name="start_timestamp" value="2024-10-08T14:06:29" /><property name="end_timestamp" value="2024-10-08T14:06:29" /></properties></testcase><testcase classname="forge.test.mlir.test_ops" name="test_matmul[7-41-41-32]" time="0.381"><properties><property name="start_timestamp" value="2024-10-08T14:06:29" /><property name="end_timestamp" value="2024-10-08T14:06:30" /></properties></testcase><testcase classname="forge.test.mlir.test_ops" name="test_matmul[7-41-64-1]" time="0.375"><properties><property name="start_timestamp" value="2024-10-08T14:06:30" /><property name="end_timestamp" value="2024-10-08T14:06:30" /></properties></testcase><testcase classname="forge.test.mlir.test_ops" name="test_matmul[7-41-64-7]" time="0.376"><properties><property name="start_timestamp" value="2024-10-08T14:06:30" /><property name="end_timestamp" value="2024-10-08T14:06:30" /></properties></testcase><testcase classname="forge.test.mlir.test_ops" name="test_matmul[7-41-64-32]" time="0.386"><properties><property name="start_timestamp" value="2024-10-08T14:06:30" /><property name="end_timestamp" value="2024-10-08T14:06:31" /></properties></testcase><testcase classname="forge.test.mlir.test_ops" name="test_matmul[7-64-7-1]" time="0.373"><properties><property name="start_timestamp" value="2024-10-08T14:06:31" /><property name="end_timestamp" value="2024-10-08T14:06:31" /></properties></testcase><testcase classname="forge.test.mlir.test_ops" name="test_matmul[7-64-7-7]" time="0.374"><properties><property name="start_timestamp" value="2024-10-08T14:06:31" /><property name="end_timestamp" value="2024-10-08T14:06:31" /></properties></testcase><testcase classname="forge.test.mlir.test_ops" name="test_matmul[7-64-7-32]" time="0.380"><properties><property name="start_timestamp" value="2024-10-08T14:06:31" /><property name="end_timestamp" value="2024-10-08T14:06:32" /></properties></testcase><testcase classname="forge.test.mlir.test_ops" name="test_matmul[7-64-32-1]" time="0.374"><properties><property name="start_timestamp" value="2024-10-08T14:06:32" /><property name="end_timestamp" value="2024-10-08T14:06:32" /></properties></testcase><testcase classname="forge.test.mlir.test_ops" name="test_matmul[7-64-32-7]" time="0.378"><properties><property name="start_timestamp" value="2024-10-08T14:06:32" /><property name="end_timestamp" value="2024-10-08T14:06:33" /></properties></testcase><testcase classname="forge.test.mlir.test_ops" name="test_matmul[7-64-32-32]" time="0.388"><properties><property name="start_timestamp" value="2024-10-08T14:06:33" /><property name="end_timestamp" value="2024-10-08T14:06:33" /></properties></testcase><testcase classname="forge.test.mlir.test_ops" name="test_matmul[7-64-41-1]" time="0.377"><properties><property name="start_timestamp" value="2024-10-08T14:06:33" /><property name="end_timestamp" value="2024-10-08T14:06:33" /></properties></testcase><testcase classname="forge.test.mlir.test_ops" name="test_matmul[7-64-41-7]" time="0.379"><properties><property name="start_timestamp" value="2024-10-08T14:06:33" /><property name="end_timestamp" value="2024-10-08T14:06:34" /></properties></testcase><testcase classname="forge.test.mlir.test_ops" name="test_matmul[7-64-41-32]" time="0.389"><properties><property name="start_timestamp" value="2024-10-08T14:06:34" /><property name="end_timestamp" value="2024-10-08T14:06:34" /></properties></testcase><testcase classname="forge.test.mlir.test_ops" name="test_matmul[7-64-64-1]" time="0.382"><properties><property name="start_timestamp" value="2024-10-08T14:06:34" /><property name="end_timestamp" value="2024-10-08T14:06:35" /></properties></testcase><testcase classname="forge.test.mlir.test_ops" name="test_matmul[7-64-64-7]" time="0.375"><properties><property name="start_timestamp" value="2024-10-08T14:06:35" /><property name="end_timestamp" value="2024-10-08T14:06:35" /></properties></testcase><testcase classname="forge.test.mlir.test_ops" name="test_matmul[7-64-64-32]" time="0.387"><properties><property name="start_timestamp" value="2024-10-08T14:06:35" /><property name="end_timestamp" value="2024-10-08T14:06:35" /></properties></testcase><testcase classname="forge.test.mlir.test_ops" name="test_matmul[32-7-7-1]" time="0.376"><properties><property name="start_timestamp" value="2024-10-08T14:06:35" /><property name="end_timestamp" value="2024-10-08T14:06:36" /></properties></testcase><testcase classname="forge.test.mlir.test_ops" name="test_matmul[32-7-7-7]" time="0.373"><properties><property name="start_timestamp" value="2024-10-08T14:06:36" /><property name="end_timestamp" value="2024-10-08T14:06:36" /></properties></testcase><testcase classname="forge.test.mlir.test_ops" name="test_matmul[32-7-7-32]" time="0.375"><properties><property name="start_timestamp" value="2024-10-08T14:06:36" /><property name="end_timestamp" value="2024-10-08T14:06:36" /></properties></testcase><testcase classname="forge.test.mlir.test_ops" name="test_matmul[32-7-32-1]" time="0.374"><properties><property name="start_timestamp" value="2024-10-08T14:06:36" /><property name="end_timestamp" value="2024-10-08T14:06:37" /></properties></testcase><testcase classname="forge.test.mlir.test_ops" name="test_matmul[32-7-32-7]" time="0.380"><properties><property name="start_timestamp" value="2024-10-08T14:06:37" /><property name="end_timestamp" value="2024-10-08T14:06:37" /></properties></testcase><testcase classname="forge.test.mlir.test_ops" name="test_matmul[32-7-32-32]" time="0.376"><properties><property name="start_timestamp" value="2024-10-08T14:06:37" /><property name="end_timestamp" value="2024-10-08T14:06:38" /></properties></testcase><testcase classname="forge.test.mlir.test_ops" name="test_matmul[32-7-41-1]" time="0.374"><properties><property name="start_timestamp" value="2024-10-08T14:06:38" /><property name="end_timestamp" value="2024-10-08T14:06:38" /></properties></testcase><testcase classname="forge.test.mlir.test_ops" name="test_matmul[32-7-41-7]" time="0.376"><properties><property name="start_timestamp" value="2024-10-08T14:06:38" /><property name="end_timestamp" value="2024-10-08T14:06:38" /></properties></testcase><testcase classname="forge.test.mlir.test_ops" name="test_matmul[32-7-41-32]" time="0.381"><properties><property name="start_timestamp" value="2024-10-08T14:06:38" /><property name="end_timestamp" value="2024-10-08T14:06:39" /></properties></testcase><testcase classname="forge.test.mlir.test_ops" name="test_matmul[32-7-64-1]" time="0.373"><properties><property name="start_timestamp" value="2024-10-08T14:06:39" /><property name="end_timestamp" value="2024-10-08T14:06:39" /></properties></testcase><testcase classname="forge.test.mlir.test_ops" name="test_matmul[32-7-64-7]" time="0.373"><properties><property name="start_timestamp" value="2024-10-08T14:06:39" /><property name="end_timestamp" value="2024-10-08T14:06:39" /></properties></testcase><testcase classname="forge.test.mlir.test_ops" name="test_matmul[32-7-64-32]" time="0.382"><properties><property name="start_timestamp" value="2024-10-08T14:06:39" /><property name="end_timestamp" value="2024-10-08T14:06:40" /></properties></testcase><testcase classname="forge.test.mlir.test_ops" name="test_matmul[32-32-7-1]" time="0.374"><properties><property name="start_timestamp" value="2024-10-08T14:06:40" /><property name="end_timestamp" value="2024-10-08T14:06:40" /></properties></testcase><testcase classname="forge.test.mlir.test_ops" name="test_matmul[32-32-7-7]" time="0.371"><properties><property name="start_timestamp" value="2024-10-08T14:06:40" /><property name="end_timestamp" value="2024-10-08T14:06:41" /></properties></testcase><testcase classname="forge.test.mlir.test_ops" name="test_matmul[32-32-7-32]" time="0.380"><properties><property name="start_timestamp" value="2024-10-08T14:06:41" /><property name="end_timestamp" value="2024-10-08T14:06:41" /></properties></testcase><testcase classname="forge.test.mlir.test_ops" name="test_matmul[32-32-32-1]" time="0.374"><properties><property name="start_timestamp" value="2024-10-08T14:06:41" /><property name="end_timestamp" value="2024-10-08T14:06:41" /></properties></testcase><testcase classname="forge.test.mlir.test_ops" name="test_matmul[32-32-32-7]" time="0.381"><properties><property name="start_timestamp" value="2024-10-08T14:06:41" /><property name="end_timestamp" value="2024-10-08T14:06:42" /></properties></testcase><testcase classname="forge.test.mlir.test_ops" name="test_matmul[32-32-32-32]" time="0.385"><properties><property name="start_timestamp" value="2024-10-08T14:06:42" /><property name="end_timestamp" value="2024-10-08T14:06:42" /></properties></testcase><testcase classname="forge.test.mlir.test_ops" name="test_matmul[32-32-41-1]" time="0.388"><properties><property name="start_timestamp" value="2024-10-08T14:06:42" /><property name="end_timestamp" value="2024-10-08T14:06:43" /></properties></testcase><testcase classname="forge.test.mlir.test_ops" name="test_matmul[32-32-41-7]" time="0.376"><properties><property name="start_timestamp" value="2024-10-08T14:06:43" /><property name="end_timestamp" value="2024-10-08T14:06:43" /></properties></testcase><testcase classname="forge.test.mlir.test_ops" name="test_matmul[32-32-41-32]" time="0.381"><properties><property name="start_timestamp" value="2024-10-08T14:06:43" /><property name="end_timestamp" value="2024-10-08T14:06:43" /></properties></testcase><testcase classname="forge.test.mlir.test_ops" name="test_matmul[32-32-64-1]" time="0.373"><properties><property name="start_timestamp" value="2024-10-08T14:06:43" /><property name="end_timestamp" value="2024-10-08T14:06:44" /></properties></testcase><testcase classname="forge.test.mlir.test_ops" name="test_matmul[32-32-64-7]" time="0.375"><properties><property name="start_timestamp" value="2024-10-08T14:06:44" /><property name="end_timestamp" value="2024-10-08T14:06:44" /></properties></testcase><testcase classname="forge.test.mlir.test_ops" name="test_matmul[32-32-64-32]" time="0.384"><properties><property name="start_timestamp" value="2024-10-08T14:06:44" /><property name="end_timestamp" value="2024-10-08T14:06:44" /></properties></testcase><testcase classname="forge.test.mlir.test_ops" name="test_matmul[32-41-7-1]" time="0.375"><properties><property name="start_timestamp" value="2024-10-08T14:06:44" /><property name="end_timestamp" value="2024-10-08T14:06:45" /></properties></testcase><testcase classname="forge.test.mlir.test_ops" name="test_matmul[32-41-7-7]" time="0.372"><properties><property name="start_timestamp" value="2024-10-08T14:06:45" /><property name="end_timestamp" value="2024-10-08T14:06:45" /></properties></testcase><testcase classname="forge.test.mlir.test_ops" name="test_matmul[32-41-7-32]" time="0.378"><properties><property name="start_timestamp" value="2024-10-08T14:06:45" /><property name="end_timestamp" value="2024-10-08T14:06:46" /></properties></testcase><testcase classname="forge.test.mlir.test_ops" name="test_matmul[32-41-32-1]" time="0.373"><properties><property name="start_timestamp" value="2024-10-08T14:06:46" /><property name="end_timestamp" value="2024-10-08T14:06:46" /></properties></testcase><testcase classname="forge.test.mlir.test_ops" name="test_matmul[32-41-32-7]" time="0.375"><properties><property name="start_timestamp" value="2024-10-08T14:06:46" /><property name="end_timestamp" value="2024-10-08T14:06:46" /></properties></testcase><testcase classname="forge.test.mlir.test_ops" name="test_matmul[32-41-32-32]" time="0.382"><properties><property name="start_timestamp" value="2024-10-08T14:06:46" /><property name="end_timestamp" value="2024-10-08T14:06:47" /></properties></testcase><testcase classname="forge.test.mlir.test_ops" name="test_matmul[32-41-41-1]" time="0.377"><properties><property name="start_timestamp" value="2024-10-08T14:06:47" /><property name="end_timestamp" value="2024-10-08T14:06:47" /></properties></testcase><testcase classname="forge.test.mlir.test_ops" name="test_matmul[32-41-41-7]" time="0.378"><properties><property name="start_timestamp" value="2024-10-08T14:06:47" /><property name="end_timestamp" value="2024-10-08T14:06:47" /></properties></testcase><testcase classname="forge.test.mlir.test_ops" name="test_matmul[32-41-41-32]" time="0.384"><properties><property name="start_timestamp" value="2024-10-08T14:06:47" /><property name="end_timestamp" value="2024-10-08T14:06:48" /></properties></testcase><testcase classname="forge.test.mlir.test_ops" name="test_matmul[32-41-64-1]" time="0.376"><properties><property name="start_timestamp" value="2024-10-08T14:06:48" /><property name="end_timestamp" value="2024-10-08T14:06:48" /></properties></testcase><testcase classname="forge.test.mlir.test_ops" name="test_matmul[32-41-64-7]" time="0.379"><properties><property name="start_timestamp" value="2024-10-08T14:06:48" /><property name="end_timestamp" value="2024-10-08T14:06:49" /></properties></testcase><testcase classname="forge.test.mlir.test_ops" name="test_matmul[32-41-64-32]" time="0.391"><properties><property name="start_timestamp" value="2024-10-08T14:06:49" /><property name="end_timestamp" value="2024-10-08T14:06:49" /></properties></testcase><testcase classname="forge.test.mlir.test_ops" name="test_matmul[32-64-7-1]" time="0.377"><properties><property name="start_timestamp" value="2024-10-08T14:06:49" /><property name="end_timestamp" value="2024-10-08T14:06:49" /></properties></testcase><testcase classname="forge.test.mlir.test_ops" name="test_matmul[32-64-7-7]" time="0.374"><properties><property name="start_timestamp" value="2024-10-08T14:06:49" /><property name="end_timestamp" value="2024-10-08T14:06:50" /></properties></testcase><testcase classname="forge.test.mlir.test_ops" name="test_matmul[32-64-7-32]" time="0.381"><properties><property name="start_timestamp" value="2024-10-08T14:06:50" /><property name="end_timestamp" value="2024-10-08T14:06:50" /></properties></testcase><testcase classname="forge.test.mlir.test_ops" name="test_matmul[32-64-32-1]" time="0.374"><properties><property name="start_timestamp" value="2024-10-08T14:06:50" /><property name="end_timestamp" value="2024-10-08T14:06:50" /></properties></testcase><testcase classname="forge.test.mlir.test_ops" name="test_matmul[32-64-32-7]" time="0.379"><properties><property name="start_timestamp" value="2024-10-08T14:06:50" /><property name="end_timestamp" value="2024-10-08T14:06:51" /></properties></testcase><testcase classname="forge.test.mlir.test_ops" name="test_matmul[32-64-32-32]" time="0.388"><properties><property name="start_timestamp" value="2024-10-08T14:06:51" /><property name="end_timestamp" value="2024-10-08T14:06:51" /></properties></testcase><testcase classname="forge.test.mlir.test_ops" name="test_matmul[32-64-41-1]" time="0.379"><properties><property name="start_timestamp" value="2024-10-08T14:06:51" /><property name="end_timestamp" value="2024-10-08T14:06:52" /></properties></testcase><testcase classname="forge.test.mlir.test_ops" name="test_matmul[32-64-41-7]" time="0.384"><properties><property name="start_timestamp" value="2024-10-08T14:06:52" /><property name="end_timestamp" value="2024-10-08T14:06:52" /></properties></testcase><testcase classname="forge.test.mlir.test_ops" name="test_matmul[32-64-41-32]" time="0.392"><properties><property name="start_timestamp" value="2024-10-08T14:06:52" /><property name="end_timestamp" value="2024-10-08T14:06:52" /></properties></testcase><testcase classname="forge.test.mlir.test_ops" name="test_matmul[32-64-64-1]" time="0.377"><properties><property name="start_timestamp" value="2024-10-08T14:06:52" /><property name="end_timestamp" value="2024-10-08T14:06:53" /></properties></testcase><testcase classname="forge.test.mlir.test_ops" name="test_matmul[32-64-64-7]" time="0.390"><properties><property name="start_timestamp" value="2024-10-08T14:06:53" /><property name="end_timestamp" value="2024-10-08T14:06:53" /></properties></testcase><testcase classname="forge.test.mlir.test_ops" name="test_matmul[32-64-64-32]" time="0.402"><properties><property name="start_timestamp" value="2024-10-08T14:06:53" /><property name="end_timestamp" value="2024-10-08T14:06:54" /></properties></testcase><testcase classname="forge.test.mlir.test_ops" name="test_matmul[41-7-7-1]" time="0.801"><properties><property name="start_timestamp" value="2024-10-08T14:06:54" /><property name="end_timestamp" value="2024-10-08T14:06:54" /></properties></testcase><testcase classname="forge.test.mlir.test_ops" name="test_matmul[41-7-7-7]" time="0.382"><properties><property name="start_timestamp" value="2024-10-08T14:06:54" /><property name="end_timestamp" value="2024-10-08T14:06:55" /></properties></testcase><testcase classname="forge.test.mlir.test_ops" name="test_matmul[41-7-7-32]" time="0.387"><properties><property name="start_timestamp" value="2024-10-08T14:06:55" /><property name="end_timestamp" value="2024-10-08T14:06:55" /></properties></testcase><testcase classname="forge.test.mlir.test_ops" name="test_matmul[41-7-32-1]" time="0.386"><properties><property name="start_timestamp" value="2024-10-08T14:06:55" /><property name="end_timestamp" value="2024-10-08T14:06:56" /></properties></testcase><testcase classname="forge.test.mlir.test_ops" name="test_matmul[41-7-32-7]" time="0.382"><properties><property name="start_timestamp" value="2024-10-08T14:06:56" /><property name="end_timestamp" value="2024-10-08T14:06:56" /></properties></testcase><testcase classname="forge.test.mlir.test_ops" name="test_matmul[41-7-32-32]" time="0.382"><properties><property name="start_timestamp" value="2024-10-08T14:06:56" /><property name="end_timestamp" value="2024-10-08T14:06:56" /></properties></testcase><testcase classname="forge.test.mlir.test_ops" name="test_matmul[41-7-41-1]" time="0.375"><properties><property name="start_timestamp" value="2024-10-08T14:06:56" /><property name="end_timestamp" value="2024-10-08T14:06:57" /></properties></testcase><testcase classname="forge.test.mlir.test_ops" name="test_matmul[41-7-41-7]" time="0.376"><properties><property name="start_timestamp" value="2024-10-08T14:06:57" /><property name="end_timestamp" value="2024-10-08T14:06:57" /></properties></testcase><testcase classname="forge.test.mlir.test_ops" name="test_matmul[41-7-41-32]" time="0.792"><properties><property name="start_timestamp" value="2024-10-08T14:06:57" /><property name="end_timestamp" value="2024-10-08T14:06:58" /></properties></testcase><testcase classname="forge.test.mlir.test_ops" name="test_matmul[41-7-64-1]" time="0.378"><properties><property name="start_timestamp" value="2024-10-08T14:06:58" /><property name="end_timestamp" value="2024-10-08T14:06:58" /></properties></testcase><testcase classname="forge.test.mlir.test_ops" name="test_matmul[41-7-64-7]" time="0.380"><properties><property name="start_timestamp" value="2024-10-08T14:06:58" /><property name="end_timestamp" value="2024-10-08T14:06:59" /></properties></testcase><testcase classname="forge.test.mlir.test_ops" name="test_matmul[41-7-64-32]" time="0.388"><properties><property name="start_timestamp" value="2024-10-08T14:06:59" /><property name="end_timestamp" value="2024-10-08T14:06:59" /></properties></testcase><testcase classname="forge.test.mlir.test_ops" name="test_matmul[41-32-7-1]" time="0.382"><properties><property name="start_timestamp" value="2024-10-08T14:06:59" /><property name="end_timestamp" value="2024-10-08T14:06:59" /></properties></testcase><testcase classname="forge.test.mlir.test_ops" name="test_matmul[41-32-7-7]" time="0.379"><properties><property name="start_timestamp" value="2024-10-08T14:06:59" /><property name="end_timestamp" value="2024-10-08T14:07:00" /></properties></testcase><testcase classname="forge.test.mlir.test_ops" name="test_matmul[41-32-7-32]" time="0.386"><properties><property name="start_timestamp" value="2024-10-08T14:07:00" /><property name="end_timestamp" value="2024-10-08T14:07:00" /></properties></testcase><testcase classname="forge.test.mlir.test_ops" name="test_matmul[41-32-32-1]" time="0.382"><properties><property name="start_timestamp" value="2024-10-08T14:07:00" /><property name="end_timestamp" value="2024-10-08T14:07:01" /></properties></testcase><testcase classname="forge.test.mlir.test_ops" name="test_matmul[41-32-32-7]" time="0.386"><properties><property name="start_timestamp" value="2024-10-08T14:07:01" /><property name="end_timestamp" value="2024-10-08T14:07:01" /></properties></testcase><testcase classname="forge.test.mlir.test_ops" name="test_matmul[41-32-32-32]" time="0.384"><properties><property name="start_timestamp" value="2024-10-08T14:07:01" /><property name="end_timestamp" value="2024-10-08T14:07:01" /></properties></testcase><testcase classname="forge.test.mlir.test_ops" name="test_matmul[41-32-41-1]" time="0.379"><properties><property name="start_timestamp" value="2024-10-08T14:07:01" /><property name="end_timestamp" value="2024-10-08T14:07:02" /></properties></testcase><testcase classname="forge.test.mlir.test_ops" name="test_matmul[41-32-41-7]" time="0.382"><properties><property name="start_timestamp" value="2024-10-08T14:07:02" /><property name="end_timestamp" value="2024-10-08T14:07:02" /></properties></testcase><testcase classname="forge.test.mlir.test_ops" name="test_matmul[41-32-41-32]" time="0.383"><properties><property name="start_timestamp" value="2024-10-08T14:07:02" /><property name="end_timestamp" value="2024-10-08T14:07:02" /></properties></testcase><testcase classname="forge.test.mlir.test_ops" name="test_matmul[41-32-64-1]" time="0.376"><properties><property name="start_timestamp" value="2024-10-08T14:07:02" /><property name="end_timestamp" value="2024-10-08T14:07:03" /></properties></testcase><testcase classname="forge.test.mlir.test_ops" name="test_matmul[41-32-64-7]" time="0.378"><properties><property name="start_timestamp" value="2024-10-08T14:07:03" /><property name="end_timestamp" value="2024-10-08T14:07:03" /></properties></testcase><testcase classname="forge.test.mlir.test_ops" name="test_matmul[41-32-64-32]" time="0.387"><properties><property name="start_timestamp" value="2024-10-08T14:07:03" /><property name="end_timestamp" value="2024-10-08T14:07:04" /></properties></testcase><testcase classname="forge.test.mlir.test_ops" name="test_matmul[41-41-7-1]" time="0.376"><properties><property name="start_timestamp" value="2024-10-08T14:07:04" /><property name="end_timestamp" value="2024-10-08T14:07:04" /></properties></testcase><testcase classname="forge.test.mlir.test_ops" name="test_matmul[41-41-7-7]" time="0.378"><properties><property name="start_timestamp" value="2024-10-08T14:07:04" /><property name="end_timestamp" value="2024-10-08T14:07:04" /></properties></testcase><testcase classname="forge.test.mlir.test_ops" name="test_matmul[41-41-7-32]" time="0.380"><properties><property name="start_timestamp" value="2024-10-08T14:07:04" /><property name="end_timestamp" value="2024-10-08T14:07:05" /></properties></testcase><testcase classname="forge.test.mlir.test_ops" name="test_matmul[41-41-32-1]" time="0.374"><properties><property name="start_timestamp" value="2024-10-08T14:07:05" /><property name="end_timestamp" value="2024-10-08T14:07:05" /></properties></testcase><testcase classname="forge.test.mlir.test_ops" name="test_matmul[41-41-32-7]" time="0.376"><properties><property name="start_timestamp" value="2024-10-08T14:07:05" /><property name="end_timestamp" value="2024-10-08T14:07:05" /></properties></testcase><testcase classname="forge.test.mlir.test_ops" name="test_matmul[41-41-32-32]" time="0.386"><properties><property name="start_timestamp" value="2024-10-08T14:07:05" /><property name="end_timestamp" value="2024-10-08T14:07:06" /></properties></testcase><testcase classname="forge.test.mlir.test_ops" name="test_matmul[41-41-41-1]" time="0.778"><properties><property name="start_timestamp" value="2024-10-08T14:07:06" /><property name="end_timestamp" value="2024-10-08T14:07:07" /></properties></testcase><testcase classname="forge.test.mlir.test_ops" name="test_matmul[41-41-41-7]" time="0.401"><properties><property name="start_timestamp" value="2024-10-08T14:07:07" /><property name="end_timestamp" value="2024-10-08T14:07:07" /></properties></testcase><testcase classname="forge.test.mlir.test_ops" name="test_matmul[41-41-41-32]" time="0.834"><properties><property name="start_timestamp" value="2024-10-08T14:07:07" /><property name="end_timestamp" value="2024-10-08T14:07:08" /></properties></testcase><testcase classname="forge.test.mlir.test_ops" name="test_matmul[41-41-64-1]" time="0.394"><properties><property name="start_timestamp" value="2024-10-08T14:07:08" /><property name="end_timestamp" value="2024-10-08T14:07:08" /></properties></testcase><testcase classname="forge.test.mlir.test_ops" name="test_matmul[41-41-64-7]" time="0.400"><properties><property name="start_timestamp" value="2024-10-08T14:07:08" /><property name="end_timestamp" value="2024-10-08T14:07:09" /></properties></testcase><testcase classname="forge.test.mlir.test_ops" name="test_matmul[41-41-64-32]" time="0.417"><properties><property name="start_timestamp" value="2024-10-08T14:07:09" /><property name="end_timestamp" value="2024-10-08T14:07:09" /></properties></testcase><testcase classname="forge.test.mlir.test_ops" name="test_matmul[41-64-7-1]" time="0.400"><properties><property name="start_timestamp" value="2024-10-08T14:07:09" /><property name="end_timestamp" value="2024-10-08T14:07:09" /></properties></testcase><testcase classname="forge.test.mlir.test_ops" name="test_matmul[41-64-7-7]" time="0.399"><properties><property name="start_timestamp" value="2024-10-08T14:07:09" /><property name="end_timestamp" value="2024-10-08T14:07:10" /></properties></testcase><testcase classname="forge.test.mlir.test_ops" name="test_matmul[41-64-7-32]" time="0.401"><properties><property name="start_timestamp" value="2024-10-08T14:07:10" /><property name="end_timestamp" value="2024-10-08T14:07:10" /></properties></testcase><testcase classname="forge.test.mlir.test_ops" name="test_matmul[41-64-32-1]" time="0.404"><properties><property name="start_timestamp" value="2024-10-08T14:07:10" /><property name="end_timestamp" value="2024-10-08T14:07:11" /></properties></testcase><testcase classname="forge.test.mlir.test_ops" name="test_matmul[41-64-32-7]" time="0.397"><properties><property name="start_timestamp" value="2024-10-08T14:07:11" /><property name="end_timestamp" value="2024-10-08T14:07:11" /></properties></testcase><testcase classname="forge.test.mlir.test_ops" name="test_matmul[41-64-32-32]" time="0.414"><properties><property name="start_timestamp" value="2024-10-08T14:07:11" /><property name="end_timestamp" value="2024-10-08T14:07:12" /></properties></testcase><testcase classname="forge.test.mlir.test_ops" name="test_matmul[41-64-41-1]" time="0.395"><properties><property name="start_timestamp" value="2024-10-08T14:07:12" /><property name="end_timestamp" value="2024-10-08T14:07:12" /></properties></testcase><testcase classname="forge.test.mlir.test_ops" name="test_matmul[41-64-41-7]" time="0.399"><properties><property name="start_timestamp" value="2024-10-08T14:07:12" /><property name="end_timestamp" value="2024-10-08T14:07:12" /></properties></testcase><testcase classname="forge.test.mlir.test_ops" name="test_matmul[41-64-41-32]" time="0.407"><properties><property name="start_timestamp" value="2024-10-08T14:07:12" /><property name="end_timestamp" value="2024-10-08T14:07:13" /></properties></testcase><testcase classname="forge.test.mlir.test_ops" name="test_matmul[41-64-64-1]" time="0.394"><properties><property name="start_timestamp" value="2024-10-08T14:07:13" /><property name="end_timestamp" value="2024-10-08T14:07:13" /></properties></testcase><testcase classname="forge.test.mlir.test_ops" name="test_matmul[41-64-64-7]" time="0.394"><properties><property name="start_timestamp" value="2024-10-08T14:07:13" /><property name="end_timestamp" value="2024-10-08T14:07:14" /></properties></testcase><testcase classname="forge.test.mlir.test_ops" name="test_matmul[41-64-64-32]" time="0.408"><properties><property name="start_timestamp" value="2024-10-08T14:07:14" /><property name="end_timestamp" value="2024-10-08T14:07:14" /></properties></testcase><testcase classname="forge.test.mlir.test_ops" name="test_matmul[64-7-7-1]" time="0.393"><properties><property name="start_timestamp" value="2024-10-08T14:07:14" /><property name="end_timestamp" value="2024-10-08T14:07:14" /></properties></testcase><testcase classname="forge.test.mlir.test_ops" name="test_matmul[64-7-7-7]" time="0.394"><properties><property name="start_timestamp" value="2024-10-08T14:07:14" /><property name="end_timestamp" value="2024-10-08T14:07:15" /></properties></testcase><testcase classname="forge.test.mlir.test_ops" name="test_matmul[64-7-7-32]" time="0.394"><properties><property name="start_timestamp" value="2024-10-08T14:07:15" /><property name="end_timestamp" value="2024-10-08T14:07:15" /></properties></testcase><testcase classname="forge.test.mlir.test_ops" name="test_matmul[64-7-32-1]" time="0.392"><properties><property name="start_timestamp" value="2024-10-08T14:07:15" /><property name="end_timestamp" value="2024-10-08T14:07:15" /></properties></testcase><testcase classname="forge.test.mlir.test_ops" name="test_matmul[64-7-32-7]" time="0.395"><properties><property name="start_timestamp" value="2024-10-08T14:07:15" /><property name="end_timestamp" value="2024-10-08T14:07:16" /></properties></testcase><testcase classname="forge.test.mlir.test_ops" name="test_matmul[64-7-32-32]" time="0.391"><properties><property name="start_timestamp" value="2024-10-08T14:07:16" /><property name="end_timestamp" value="2024-10-08T14:07:16" /></properties></testcase><testcase classname="forge.test.mlir.test_ops" name="test_matmul[64-7-41-1]" time="0.385"><properties><property name="start_timestamp" value="2024-10-08T14:07:16" /><property name="end_timestamp" value="2024-10-08T14:07:17" /></properties></testcase><testcase classname="forge.test.mlir.test_ops" name="test_matmul[64-7-41-7]" time="0.389"><properties><property name="start_timestamp" value="2024-10-08T14:07:17" /><property name="end_timestamp" value="2024-10-08T14:07:17" /></properties></testcase><testcase classname="forge.test.mlir.test_ops" name="test_matmul[64-7-41-32]" time="0.392"><properties><property name="start_timestamp" value="2024-10-08T14:07:17" /><property name="end_timestamp" value="2024-10-08T14:07:17" /></properties></testcase><testcase classname="forge.test.mlir.test_ops" name="test_matmul[64-7-64-1]" time="0.386"><properties><property name="start_timestamp" value="2024-10-08T14:07:17" /><property name="end_timestamp" value="2024-10-08T14:07:18" /></properties></testcase><testcase classname="forge.test.mlir.test_ops" name="test_matmul[64-7-64-7]" time="0.387"><properties><property name="start_timestamp" value="2024-10-08T14:07:18" /><property name="end_timestamp" value="2024-10-08T14:07:18" /></properties></testcase><testcase classname="forge.test.mlir.test_ops" name="test_matmul[64-7-64-32]" time="0.400"><properties><property name="start_timestamp" value="2024-10-08T14:07:18" /><property name="end_timestamp" value="2024-10-08T14:07:19" /></properties></testcase><testcase classname="forge.test.mlir.test_ops" name="test_matmul[64-32-7-1]" time="0.393"><properties><property name="start_timestamp" value="2024-10-08T14:07:19" /><property name="end_timestamp" value="2024-10-08T14:07:19" /></properties></testcase><testcase classname="forge.test.mlir.test_ops" name="test_matmul[64-32-7-7]" time="0.383"><properties><property name="start_timestamp" value="2024-10-08T14:07:19" /><property name="end_timestamp" value="2024-10-08T14:07:19" /></properties></testcase><testcase classname="forge.test.mlir.test_ops" name="test_matmul[64-32-7-32]" time="0.392"><properties><property name="start_timestamp" value="2024-10-08T14:07:19" /><property name="end_timestamp" value="2024-10-08T14:07:20" /></properties></testcase><testcase classname="forge.test.mlir.test_ops" name="test_matmul[64-32-32-1]" time="0.387"><properties><property name="start_timestamp" value="2024-10-08T14:07:20" /><property name="end_timestamp" value="2024-10-08T14:07:20" /></properties></testcase><testcase classname="forge.test.mlir.test_ops" name="test_matmul[64-32-32-7]" time="0.390"><properties><property name="start_timestamp" value="2024-10-08T14:07:20" /><property name="end_timestamp" value="2024-10-08T14:07:21" /></properties></testcase><testcase classname="forge.test.mlir.test_ops" name="test_matmul[64-32-32-32]" time="0.398"><properties><property name="start_timestamp" value="2024-10-08T14:07:21" /><property name="end_timestamp" value="2024-10-08T14:07:21" /></properties></testcase><testcase classname="forge.test.mlir.test_ops" name="test_matmul[64-32-41-1]" time="0.390"><properties><property name="start_timestamp" value="2024-10-08T14:07:21" /><property name="end_timestamp" value="2024-10-08T14:07:21" /></properties></testcase><testcase classname="forge.test.mlir.test_ops" name="test_matmul[64-32-41-7]" time="0.395"><properties><property name="start_timestamp" value="2024-10-08T14:07:21" /><property name="end_timestamp" value="2024-10-08T14:07:22" /></properties></testcase><testcase classname="forge.test.mlir.test_ops" name="test_matmul[64-32-41-32]" time="0.401"><properties><property name="start_timestamp" value="2024-10-08T14:07:22" /><property name="end_timestamp" value="2024-10-08T14:07:22" /></properties></testcase><testcase classname="forge.test.mlir.test_ops" name="test_matmul[64-32-64-1]" time="0.388"><properties><property name="start_timestamp" value="2024-10-08T14:07:22" /><property name="end_timestamp" value="2024-10-08T14:07:23" /></properties></testcase><testcase classname="forge.test.mlir.test_ops" name="test_matmul[64-32-64-7]" time="0.390"><properties><property name="start_timestamp" value="2024-10-08T14:07:23" /><property name="end_timestamp" value="2024-10-08T14:07:23" /></properties></testcase><testcase classname="forge.test.mlir.test_ops" name="test_matmul[64-32-64-32]" time="0.401"><properties><property name="start_timestamp" value="2024-10-08T14:07:23" /><property name="end_timestamp" value="2024-10-08T14:07:23" /></properties></testcase><testcase classname="forge.test.mlir.test_ops" name="test_matmul[64-41-7-1]" time="0.387"><properties><property name="start_timestamp" value="2024-10-08T14:07:23" /><property name="end_timestamp" value="2024-10-08T14:07:24" /></properties></testcase><testcase classname="forge.test.mlir.test_ops" name="test_matmul[64-41-7-7]" time="0.386"><properties><property name="start_timestamp" value="2024-10-08T14:07:24" /><property name="end_timestamp" value="2024-10-08T14:07:24" /></properties></testcase><testcase classname="forge.test.mlir.test_ops" name="test_matmul[64-41-7-32]" time="0.396"><properties><property name="start_timestamp" value="2024-10-08T14:07:24" /><property name="end_timestamp" value="2024-10-08T14:07:25" /></properties></testcase><testcase classname="forge.test.mlir.test_ops" name="test_matmul[64-41-32-1]" time="0.388"><properties><property name="start_timestamp" value="2024-10-08T14:07:25" /><property name="end_timestamp" value="2024-10-08T14:07:25" /></properties></testcase><testcase classname="forge.test.mlir.test_ops" name="test_matmul[64-41-32-7]" time="0.393"><properties><property name="start_timestamp" value="2024-10-08T14:07:25" /><property name="end_timestamp" value="2024-10-08T14:07:25" /></properties></testcase><testcase classname="forge.test.mlir.test_ops" name="test_matmul[64-41-32-32]" time="0.399"><properties><property name="start_timestamp" value="2024-10-08T14:07:25" /><property name="end_timestamp" value="2024-10-08T14:07:26" /></properties></testcase><testcase classname="forge.test.mlir.test_ops" name="test_matmul[64-41-41-1]" time="0.387"><properties><property name="start_timestamp" value="2024-10-08T14:07:26" /><property name="end_timestamp" value="2024-10-08T14:07:26" /></properties></testcase><testcase classname="forge.test.mlir.test_ops" name="test_matmul[64-41-41-7]" time="0.392"><properties><property name="start_timestamp" value="2024-10-08T14:07:26" /><property name="end_timestamp" value="2024-10-08T14:07:26" /></properties></testcase><testcase classname="forge.test.mlir.test_ops" name="test_matmul[64-41-41-32]" time="0.397"><properties><property name="start_timestamp" value="2024-10-08T14:07:26" /><property name="end_timestamp" value="2024-10-08T14:07:27" /></properties></testcase><testcase classname="forge.test.mlir.test_ops" name="test_matmul[64-41-64-1]" time="0.384"><properties><property name="start_timestamp" value="2024-10-08T14:07:27" /><property name="end_timestamp" value="2024-10-08T14:07:27" /></properties></testcase><testcase classname="forge.test.mlir.test_ops" name="test_matmul[64-41-64-7]" time="0.395"><properties><property name="start_timestamp" value="2024-10-08T14:07:27" /><property name="end_timestamp" value="2024-10-08T14:07:28" /></properties></testcase><testcase classname="forge.test.mlir.test_ops" name="test_matmul[64-41-64-32]" time="0.406"><properties><property name="start_timestamp" value="2024-10-08T14:07:28" /><property name="end_timestamp" value="2024-10-08T14:07:28" /></properties></testcase><testcase classname="forge.test.mlir.test_ops" name="test_matmul[64-64-7-1]" time="0.385"><properties><property name="start_timestamp" value="2024-10-08T14:07:28" /><property name="end_timestamp" value="2024-10-08T14:07:28" /></properties></testcase><testcase classname="forge.test.mlir.test_ops" name="test_matmul[64-64-7-7]" time="0.390"><properties><property name="start_timestamp" value="2024-10-08T14:07:28" /><property name="end_timestamp" value="2024-10-08T14:07:29" /></properties></testcase><testcase classname="forge.test.mlir.test_ops" name="test_matmul[64-64-7-32]" time="0.399"><properties><property name="start_timestamp" value="2024-10-08T14:07:29" /><property name="end_timestamp" value="2024-10-08T14:07:29" /></properties></testcase><testcase classname="forge.test.mlir.test_ops" name="test_matmul[64-64-32-1]" time="0.384"><properties><property name="start_timestamp" value="2024-10-08T14:07:29" /><property name="end_timestamp" value="2024-10-08T14:07:30" /></properties></testcase><testcase classname="forge.test.mlir.test_ops" name="test_matmul[64-64-32-7]" time="0.388"><properties><property name="start_timestamp" value="2024-10-08T14:07:30" /><property name="end_timestamp" value="2024-10-08T14:07:30" /></properties></testcase><testcase classname="forge.test.mlir.test_ops" name="test_matmul[64-64-32-32]" time="0.397"><properties><property name="start_timestamp" value="2024-10-08T14:07:30" /><property name="end_timestamp" value="2024-10-08T14:07:30" /></properties></testcase><testcase classname="forge.test.mlir.test_ops" name="test_matmul[64-64-41-1]" time="0.393"><properties><property name="start_timestamp" value="2024-10-08T14:07:30" /><property name="end_timestamp" value="2024-10-08T14:07:31" /></properties></testcase><testcase classname="forge.test.mlir.test_ops" name="test_matmul[64-64-41-7]" time="0.399"><properties><property name="start_timestamp" value="2024-10-08T14:07:31" /><property name="end_timestamp" value="2024-10-08T14:07:31" /></properties></testcase><testcase classname="forge.test.mlir.test_ops" name="test_matmul[64-64-41-32]" time="0.407"><properties><property name="start_timestamp" value="2024-10-08T14:07:31" /><property name="end_timestamp" value="2024-10-08T14:07:32" /></properties></testcase><testcase classname="forge.test.mlir.test_ops" name="test_matmul[64-64-64-1]" time="0.387"><properties><property name="start_timestamp" value="2024-10-08T14:07:32" /><property name="end_timestamp" value="2024-10-08T14:07:32" /></properties></testcase><testcase classname="forge.test.mlir.test_ops" name="test_matmul[64-64-64-7]" time="0.396"><properties><property name="start_timestamp" value="2024-10-08T14:07:32" /><property name="end_timestamp" value="2024-10-08T14:07:32" /></properties></testcase><testcase classname="forge.test.mlir.test_ops" name="test_matmul[64-64-64-32]" time="0.412"><properties><property name="start_timestamp" value="2024-10-08T14:07:32" /><property name="end_timestamp" value="2024-10-08T14:07:33" /></properties></testcase><testcase classname="forge.test.mlir.test_ops" name="test_mean[1-7-7]" time="0.002"><properties><property name="start_timestamp" value="2024-10-08T14:07:33" /><property name="end_timestamp" value="2024-10-08T14:07:33" /></properties><skipped type="pytest.skip" message="FFE: Unsupported squeeze operation">/__w/tt-forge-fe/tt-forge-fe/forge/test/mlir/test_ops.py:418: FFE: Unsupported squeeze operation</skipped></testcase><testcase classname="forge.test.mlir.test_ops" name="test_mean[1-7-32]" time="0.002"><properties><property name="start_timestamp" value="2024-10-08T14:07:33" /><property name="end_timestamp" value="2024-10-08T14:07:33" /></properties><skipped type="pytest.skip" message="FFE: Unsupported squeeze operation">/__w/tt-forge-fe/tt-forge-fe/forge/test/mlir/test_ops.py:418: FFE: Unsupported squeeze operation</skipped></testcase><testcase classname="forge.test.mlir.test_ops" name="test_mean[1-7-41]" time="0.002"><properties><property name="start_timestamp" value="2024-10-08T14:07:33" /><property name="end_timestamp" value="2024-10-08T14:07:33" /></properties><skipped type="pytest.skip" message="FFE: Unsupported squeeze operation">/__w/tt-forge-fe/tt-forge-fe/forge/test/mlir/test_ops.py:418: FFE: Unsupported squeeze operation</skipped></testcase><testcase classname="forge.test.mlir.test_ops" name="test_mean[1-32-7]" time="0.002"><properties><property name="start_timestamp" value="2024-10-08T14:07:33" /><property name="end_timestamp" value="2024-10-08T14:07:33" /></properties><skipped type="pytest.skip" message="FFE: Unsupported squeeze operation">/__w/tt-forge-fe/tt-forge-fe/forge/test/mlir/test_ops.py:418: FFE: Unsupported squeeze operation</skipped></testcase><testcase classname="forge.test.mlir.test_ops" name="test_mean[1-32-32]" time="0.002"><properties><property name="start_timestamp" value="2024-10-08T14:07:33" /><property name="end_timestamp" value="2024-10-08T14:07:33" /></properties><skipped type="pytest.skip" message="FFE: Unsupported squeeze operation">/__w/tt-forge-fe/tt-forge-fe/forge/test/mlir/test_ops.py:418: FFE: Unsupported squeeze operation</skipped></testcase><testcase classname="forge.test.mlir.test_ops" name="test_mean[1-32-41]" time="0.002"><properties><property name="start_timestamp" value="2024-10-08T14:07:33" /><property name="end_timestamp" value="2024-10-08T14:07:33" /></properties><skipped type="pytest.skip" message="FFE: Unsupported squeeze operation">/__w/tt-forge-fe/tt-forge-fe/forge/test/mlir/test_ops.py:418: FFE: Unsupported squeeze operation</skipped></testcase><testcase classname="forge.test.mlir.test_ops" name="test_mean[1-41-7]" time="0.002"><properties><property name="start_timestamp" value="2024-10-08T14:07:33" /><property name="end_timestamp" value="2024-10-08T14:07:33" /></properties><skipped type="pytest.skip" message="FFE: Unsupported squeeze operation">/__w/tt-forge-fe/tt-forge-fe/forge/test/mlir/test_ops.py:418: FFE: Unsupported squeeze operation</skipped></testcase><testcase classname="forge.test.mlir.test_ops" name="test_mean[1-41-32]" time="0.002"><properties><property name="start_timestamp" value="2024-10-08T14:07:33" /><property name="end_timestamp" value="2024-10-08T14:07:33" /></properties><skipped type="pytest.skip" message="FFE: Unsupported squeeze operation">/__w/tt-forge-fe/tt-forge-fe/forge/test/mlir/test_ops.py:418: FFE: Unsupported squeeze operation</skipped></testcase><testcase classname="forge.test.mlir.test_ops" name="test_mean[1-41-41]" time="0.002"><properties><property name="start_timestamp" value="2024-10-08T14:07:33" /><property name="end_timestamp" value="2024-10-08T14:07:33" /></properties><skipped type="pytest.skip" message="FFE: Unsupported squeeze operation">/__w/tt-forge-fe/tt-forge-fe/forge/test/mlir/test_ops.py:418: FFE: Unsupported squeeze operation</skipped></testcase><testcase classname="forge.test.mlir.test_ops" name="test_mean[2-7-7]" time="0.002"><properties><property name="start_timestamp" value="2024-10-08T14:07:33" /><property name="end_timestamp" value="2024-10-08T14:07:33" /></properties><skipped type="pytest.skip" message="TTNN: Tensor layout bugs">/__w/tt-forge-fe/tt-forge-fe/forge/test/mlir/test_ops.py:421: TTNN: Tensor layout bugs</skipped></testcase><testcase classname="forge.test.mlir.test_ops" name="test_mean[2-7-32]" time="0.002"><properties><pro
[...]
128-56-56-3-3-2-2]" time="0.948"><properties><property name="start_timestamp" value="2024-10-08T14:09:01" /><property name="end_timestamp" value="2024-10-08T14:09:02" /></properties><skipped type="pytest.xfail" message="dtypes are not properly lowered from tensorflow #281" /></testcase><testcase classname="forge.test.mlir.test_ops_tf" name="test_conv2d[with_bias-activations_dtype0-weights_dtype1-1-128-128-28-28-3-3-1-1]" time="0.944"><properties><property name="start_timestamp" value="2024-10-08T14:09:02" /><property name="end_timestamp" value="2024-10-08T14:09:03" /></properties><skipped type="pytest.xfail" message="dtypes are not properly lowered from tensorflow #281" /></testcase><testcase classname="forge.test.mlir.test_ops_tf" name="test_conv2d[with_bias-activations_dtype0-weights_dtype1-1-256-256-28-28-3-3-2-2]" time="0.971"><properties><property name="start_timestamp" value="2024-10-08T14:09:03" /><property name="end_timestamp" value="2024-10-08T14:09:04" /></properties><skipped type="pytest.xfail" message="dtypes are not properly lowered from tensorflow #281" /></testcase><testcase classname="forge.test.mlir.test_ops_tf" name="test_conv2d[with_bias-activations_dtype0-weights_dtype1-1-256-256-14-14-3-3-1-1]" time="0.989"><properties><property name="start_timestamp" value="2024-10-08T14:09:04" /><property name="end_timestamp" value="2024-10-08T14:09:05" /></properties><skipped type="pytest.xfail" message="dtypes are not properly lowered from tensorflow #281" /></testcase><testcase classname="forge.test.mlir.test_ops_tf" name="test_conv2d[with_bias-activations_dtype0-weights_dtype1-1-64-64-8-8-3-3-1-1]" time="0.818"><properties><property name="start_timestamp" value="2024-10-08T14:09:05" /><property name="end_timestamp" value="2024-10-08T14:09:06" /></properties><skipped type="pytest.xfail" message="dtypes are not properly lowered from tensorflow #281" /></testcase><testcase classname="forge.test.mlir.test_ops_tf" name="test_conv2d[with_bias-activations_dtype0-weights_dtype1-1-64-64-16-16-3-3-1-1]" time="0.817"><properties><property name="start_timestamp" value="2024-10-08T14:09:06" /><property name="end_timestamp" value="2024-10-08T14:09:07" /></properties><skipped type="pytest.xfail" message="dtypes are not properly lowered from tensorflow #281" /></testcase><testcase classname="forge.test.mlir.test_ops_tf" name="test_conv2d[with_bias-activations_dtype0-weights_dtype1-1-256-256-7-7-3-3-1-1]" time="0.897"><properties><property name="start_timestamp" value="2024-10-08T14:09:07" /><property name="end_timestamp" value="2024-10-08T14:09:08" /></properties><skipped type="pytest.xfail" message="dtypes are not properly lowered from tensorflow #281" /></testcase><testcase classname="forge.test.mlir.test_ops_tf" name="test_conv2d[with_bias-activations_dtype0-weights_dtype1-1-256-64-56-56-1-1-2-2]" time="0.836"><properties><property name="start_timestamp" value="2024-10-08T14:09:08" /><property name="end_timestamp" value="2024-10-08T14:09:09" /></properties><skipped type="pytest.xfail" message="dtypes are not properly lowered from tensorflow #281" /></testcase><testcase classname="forge.test.mlir.test_ops_tf" name="test_conv2d[with_bias-activations_dtype1-weights_dtype0-1-64-16-115-115-4-4-1-1]" time="0.824"><properties><property name="start_timestamp" value="2024-10-08T14:09:09" /><property name="end_timestamp" value="2024-10-08T14:09:09" /></properties><skipped type="pytest.xfail" message="dtypes are not properly lowered from tensorflow #281" /></testcase><testcase classname="forge.test.mlir.test_ops_tf" name="test_conv2d[with_bias-activations_dtype1-weights_dtype0-1-64-64-56-56-3-3-1-1]" time="0.847"><properties><property name="start_timestamp" value="2024-10-08T14:09:09" /><property name="end_timestamp" value="2024-10-08T14:09:10" /></properties><skipped type="pytest.xfail" message="dtypes are not properly lowered from tensorflow #281" /></testcase><testcase classname="forge.test.mlir.test_ops_tf" name="test_conv2d[with_bias-activations_dtype1-weights_dtype0-1-128-128-56-56-3-3-2-2]" time="0.970"><properties><property name="start_timestamp" value="2024-10-08T14:09:10" /><property name="end_timestamp" value="2024-10-08T14:09:11" /></properties><skipped type="pytest.xfail" message="dtypes are not properly lowered from tensorflow #281" /></testcase><testcase classname="forge.test.mlir.test_ops_tf" name="test_conv2d[with_bias-activations_dtype1-weights_dtype0-1-128-128-28-28-3-3-1-1]" time="0.959"><properties><property name="start_timestamp" value="2024-10-08T14:09:11" /><property name="end_timestamp" value="2024-10-08T14:09:12" /></properties><skipped type="pytest.xfail" message="dtypes are not properly lowered from tensorflow #281" /></testcase><testcase classname="forge.test.mlir.test_ops_tf" name="test_conv2d[with_bias-activations_dtype1-weights_dtype0-1-256-256-28-28-3-3-2-2]" time="1.414"><properties><property name="start_timestamp" value="2024-10-08T14:09:12" /><property name="end_timestamp" value="2024-10-08T14:09:14" /></properties><skipped type="pytest.xfail" message="dtypes are not properly lowered from tensorflow #281" /></testcase><testcase classname="forge.test.mlir.test_ops_tf" name="test_conv2d[with_bias-activations_dtype1-weights_dtype0-1-256-256-14-14-3-3-1-1]" time="1.409"><properties><property name="start_timestamp" value="2024-10-08T14:09:14" /><property name="end_timestamp" value="2024-10-08T14:09:15" /></properties><skipped type="pytest.xfail" message="dtypes are not properly lowered from tensorflow #281" /></testcase><testcase classname="forge.test.mlir.test_ops_tf" name="test_conv2d[with_bias-activations_dtype1-weights_dtype0-1-64-64-8-8-3-3-1-1]" time="0.833"><properties><property name="start_timestamp" value="2024-10-08T14:09:15" /><property name="end_timestamp" value="2024-10-08T14:09:16" /></properties><skipped type="pytest.xfail" message="dtypes are not properly lowered from tensorflow #281" /></testcase><testcase classname="forge.test.mlir.test_ops_tf" name="test_conv2d[with_bias-activations_dtype1-weights_dtype0-1-64-64-16-16-3-3-1-1]" time="0.843"><properties><property name="start_timestamp" value="2024-10-08T14:09:16" /><property name="end_timestamp" value="2024-10-08T14:09:17" /></properties><skipped type="pytest.xfail" message="dtypes are not properly lowered from tensorflow #281" /></testcase><testcase classname="forge.test.mlir.test_ops_tf" name="test_conv2d[with_bias-activations_dtype1-weights_dtype0-1-256-256-7-7-3-3-1-1]" time="1.401"><properties><property name="start_timestamp" value="2024-10-08T14:09:17" /><property name="end_timestamp" value="2024-10-08T14:09:18" /></properties><skipped type="pytest.xfail" message="dtypes are not properly lowered from tensorflow #281" /></testcase><testcase classname="forge.test.mlir.test_ops_tf" name="test_conv2d[with_bias-activations_dtype1-weights_dtype0-1-256-64-56-56-1-1-2-2]" time="0.824"><properties><property name="start_timestamp" value="2024-10-08T14:09:18" /><property name="end_timestamp" value="2024-10-08T14:09:19" /></properties><skipped type="pytest.xfail" message="dtypes are not properly lowered from tensorflow #281" /></testcase><testcase classname="forge.test.mlir.test_ops_tf" name="test_conv2d[with_bias-activations_dtype1-weights_dtype1-1-64-16-115-115-4-4-1-1]" time="1.935"><properties><property name="start_timestamp" value="2024-10-08T14:09:19" /><property name="end_timestamp" value="2024-10-08T14:09:21" /></properties></testcase><testcase classname="forge.test.mlir.test_ops_tf" name="test_conv2d[with_bias-activations_dtype1-weights_dtype1-1-64-64-56-56-3-3-1-1]" time="1.955"><properties><property name="start_timestamp" value="2024-10-08T14:09:21" /><property name="end_timestamp" value="2024-10-08T14:09:23" /></properties></testcase><testcase classname="forge.test.mlir.test_ops_tf" name="test_conv2d[with_bias-activations_dtype1-weights_dtype1-1-128-128-56-56-3-3-2-2]" time="1.926"><properties><property name="start_timestamp" value="2024-10-08T14:09:23" /><property name="end_timestamp" value="2024-10-08T14:09:25" /></properties></testcase><testcase classname="forge.test.mlir.test_ops_tf" name="test_conv2d[with_bias-activations_dtype1-weights_dtype1-1-128-128-28-28-3-3-1-1]" time="1.301"><properties><property name="start_timestamp" value="2024-10-08T14:09:25" /><property name="end_timestamp" value="2024-10-08T14:09:26" /></properties></testcase><testcase classname="forge.test.mlir.test_ops_tf" name="test_conv2d[with_bias-activations_dtype1-weights_dtype1-1-256-256-28-28-3-3-2-2]" time="0.003"><properties><property name="start_timestamp" value="2024-10-08T14:09:26" /><property name="end_timestamp" value="2024-10-08T14:09:26" /></properties><skipped type="pytest.skip" message="Circular buffer grows beyond maximum L1 size.">/__w/tt-forge-fe/tt-forge-fe/forge/test/mlir/test_ops_tf.py:62: Circular buffer grows beyond maximum L1 size.</skipped></testcase><testcase classname="forge.test.mlir.test_ops_tf" name="test_conv2d[with_bias-activations_dtype1-weights_dtype1-1-256-256-14-14-3-3-1-1]" time="1.537"><properties><property name="start_timestamp" value="2024-10-08T14:09:26" /><property name="end_timestamp" value="2024-10-08T14:09:28" /></properties></testcase><testcase classname="forge.test.mlir.test_ops_tf" name="test_conv2d[with_bias-activations_dtype1-weights_dtype1-1-64-64-8-8-3-3-1-1]" time="1.903"><properties><property name="start_timestamp" value="2024-10-08T14:09:28" /><property name="end_timestamp" value="2024-10-08T14:09:30" /></properties></testcase><testcase classname="forge.test.mlir.test_ops_tf" name="test_conv2d[with_bias-activations_dtype1-weights_dtype1-1-64-64-16-16-3-3-1-1]" time="1.317"><properties><property name="start_timestamp" value="2024-10-08T14:09:30" /><property name="end_timestamp" value="2024-10-08T14:09:31" /></properties></testcase><testcase classname="forge.test.mlir.test_ops_tf" name="test_conv2d[with_bias-activations_dtype1-weights_dtype1-1-256-256-7-7-3-3-1-1]" time="1.433"><properties><property name="start_timestamp" value="2024-10-08T14:09:31" /><property name="end_timestamp" value="2024-10-08T14:09:32" /></properties></testcase><testcase classname="forge.test.mlir.test_ops_tf" name="test_conv2d[with_bias-activations_dtype1-weights_dtype1-1-256-64-56-56-1-1-2-2]" time="1.501"><properties><property name="start_timestamp" value="2024-10-08T14:09:32" /><property name="end_timestamp" value="2024-10-08T14:09:34" /></properties></testcase><testcase classname="forge.test.mlir.test_ops_tf" name="test_dual_conv2d" time="4.771"><properties><property name="start_timestamp" value="2024-10-08T14:09:34" /><property name="end_timestamp" value="2024-10-08T14:09:39" /></properties></testcase><testcase classname="forge.test.mlir.test_ops_tf" name="test_maxpool2d[act_shape0]" time="4.213"><properties><property name="start_timestamp" value="2024-10-08T14:09:39" /><property name="end_timestamp" value="2024-10-08T14:09:43" /></properties></testcase><testcase classname="forge.test.mlir.test_ops_tf" name="test_maxpool2d[act_shape1]" time="3.686"><properties><property name="start_timestamp" value="2024-10-08T14:09:43" /><property name="end_timestamp" value="2024-10-08T14:09:47" /></properties></testcase><testcase classname="forge.test.mlir.test_ops_tf" name="test_maxpool2d[act_shape2]" time="3.295"><properties><property name="start_timestamp" value="2024-10-08T14:09:47" /><property name="end_timestamp" value="2024-10-08T14:09:50" /></properties></testcase><testcase classname="forge.test.mlir.test_ops_tf" name="test_maxpool2d[act_shape3]" time="2.401"><properties><property name="start_timestamp" value="2024-10-08T14:09:50" /><property name="end_timestamp" value="2024-10-08T14:09:52" /></properties></testcase><testcase classname="forge.test.mlir.test_ops_tf" name="test_maxpool2d[act_shape4]" time="2.018"><properties><property name="start_timestamp" value="2024-10-08T14:09:52" /><property name="end_timestamp" value="2024-10-08T14:09:54" /></properties></testcase><testcase classname="forge.test.mlir.test_ops_tf" name="test_maxpool2d[act_shape5]" time="2.232"><properties><property name="start_timestamp" value="2024-10-08T14:09:54" /><property name="end_timestamp" value="2024-10-08T14:09:57" /></properties></testcase><testcase classname="forge.test.mlir.test_ops_tf" name="test_maxpool2d[act_shape6]" time="2.340"><properties><property name="start_timestamp" value="2024-10-08T14:09:57" /><property name="end_timestamp" value="2024-10-08T14:09:59" /></properties></testcase><testcase classname="forge.test.mlir.test_ops_tf" name="test_maxpool2d[act_shape7]" time="2.036"><properties><property name="start_timestamp" value="2024-10-08T14:09:59" /><property name="end_timestamp" value="2024-10-08T14:10:01" /></properties></testcase><testcase classname="forge.test.mlir.test_ops_tf" name="test_maxpool2d[act_shape8]" time="2.595"><properties><property name="start_timestamp" value="2024-10-08T14:10:01" /><property name="end_timestamp" value="2024-10-08T14:10:04" /></properties></testcase><testcase classname="forge.test.mlir.test_ops_tf" name="test_maxpool2d[act_shape9]" time="1.808"><properties><property name="start_timestamp" value="2024-10-08T14:10:04" /><property name="end_timestamp" value="2024-10-08T14:10:05" /></properties></testcase><testcase classname="forge.test.mlir.test_ops_tf" name="test_maxpool2d[act_shape10]" time="1.907"><properties><property name="start_timestamp" value="2024-10-08T14:10:05" /><property name="end_timestamp" value="2024-10-08T14:10:07" /></properties></testcase><testcase classname="forge.test.mlir.test_ops_tf" name="test_maxpool2d[act_shape11]" time="2.079"><properties><property name="start_timestamp" value="2024-10-08T14:10:07" /><property name="end_timestamp" value="2024-10-08T14:10:09" /></properties></testcase><testcase classname="forge.test.mlir.test_ops_tf" name="test_maxpool2d[act_shape12]" time="1.849"><properties><property name="start_timestamp" value="2024-10-08T14:10:09" /><property name="end_timestamp" value="2024-10-08T14:10:11" /></properties></testcase><testcase classname="forge.test.mlir.test_ops_tf" name="test_maxpool2d[act_shape13]" time="1.864"><properties><property name="start_timestamp" value="2024-10-08T14:10:11" /><property name="end_timestamp" value="2024-10-08T14:10:13" /></properties></testcase><testcase classname="forge.test.mlir.test_ops_tf" name="test_maxpool2d[act_shape14]" time="2.181"><properties><property name="start_timestamp" value="2024-10-08T14:10:13" /><property name="end_timestamp" value="2024-10-08T14:10:15" /></properties></testcase><testcase classname="forge.test.mlir.test_ops_tf" name="test_maxpool2d[act_shape15]" time="3.602"><properties><property name="start_timestamp" value="2024-10-08T14:10:15" /><property name="end_timestamp" value="2024-10-08T14:10:19" /></properties></testcase><testcase classname="forge.test.mlir.test_ops_tf" name="test_maxpool2d[act_shape16]" time="3.568"><properties><property name="start_timestamp" value="2024-10-08T14:10:19" /><property name="end_timestamp" value="2024-10-08T14:10:22" /></properties></testcase><testcase classname="forge.test.mlir.test_ops_tf" name="test_maxpool2d[act_shape17]" time="4.325"><properties><property name="start_timestamp" value="2024-10-08T14:10:22" /><property name="end_timestamp" value="2024-10-08T14:10:27" /></properties></testcase><testcase classname="forge.test.mlir.test_ops_tf" name="test_maxpool2d[act_shape18]" time="1.842"><properties><property name="start_timestamp" value="2024-10-08T14:10:27" /><property name="end_timestamp" value="2024-10-08T14:10:29" /></properties></testcase><testcase classname="forge.test.mlir.test_ops_tf" name="test_maxpool2d[act_shape19]" time="1.947"><properties><property name="start_timestamp" value="2024-10-08T14:10:29" /><property name="end_timestamp" value="2024-10-08T14:10:31" /></properties></testcase><testcase classname="forge.test.mlir.test_ops_tf" name="test_maxpool2d[act_shape20]" time="2.157"><properties><property name="start_timestamp" value="2024-10-08T14:10:31" /><property name="end_timestamp" value="2024-10-08T14:10:33" /></properties></testcase><testcase classname="forge.test.mlir.test_ops_tf" name="test_maxpool2d[act_shape21]" time="2.195"><properties><property name="start_timestamp" value="2024-10-08T14:10:33" /><property name="end_timestamp" value="2024-10-08T14:10:35" /></properties></testcase><testcase classname="forge.test.mlir.test_ops_tf" name="test_maxpool2d[act_shape22]" time="2.153"><properties><property name="start_timestamp" value="2024-10-08T14:10:35" /><property name="end_timestamp" value="2024-10-08T14:10:37" /></properties></testcase><testcase classname="forge.test.mlir.test_ops_tf" name="test_maxpool2d[act_shape23]" time="2.471"><properties><property name="start_timestamp" value="2024-10-08T14:10:37" /><property name="end_timestamp" value="2024-10-08T14:10:39" /></properties></testcase><testcase classname="forge.test.mlir.test_ops_tf" name="test_maxpool2d[act_shape24]" time="4.084"><properties><property name="start_timestamp" value="2024-10-08T14:10:39" /><property name="end_timestamp" value="2024-10-08T14:10:44" /></properties></testcase><testcase classname="forge.test.mlir.test_ops_tf" name="test_maxpool2d[act_shape25]" time="3.443"><properties><property name="start_timestamp" value="2024-10-08T14:10:44" /><property name="end_timestamp" value="2024-10-08T14:10:47" /></properties></testcase><testcase classname="forge.test.mlir.test_ops_tf" name="test_maxpool2d[act_shape26]" time="5.479"><properties><property name="start_timestamp" value="2024-10-08T14:10:47" /><property name="end_timestamp" value="2024-10-08T14:10:52" /></properties></testcase><testcase classname="forge.test.mlir.test_features" name="test_multiple_inputs" time="0.425"><properties><property name="start_timestamp" value="2024-10-08T14:10:52" /><property name="end_timestamp" value="2024-10-08T14:10:53" /></properties></testcase><testcase classname="forge.test.mlir.test_features" name="test_input_order[a_shape0-b_shape0-c_shape0]" time="1.044"><properties><property name="start_timestamp" value="2024-10-08T14:10:53" /><property name="end_timestamp" value="2024-10-08T14:10:54" /></properties></testcase><testcase classname="forge.test.test_api" name="test_torch" time="0.390"><properties><property name="start_timestamp" value="2024-10-08T14:10:54" /><property name="end_timestamp" value="2024-10-08T14:10:54" /></properties></testcase><testcase classname="forge.test.test_api" name="test_tf" time="0.437"><properties><property name="start_timestamp" value="2024-10-08T14:10:54" /><property name="end_timestamp" value="2024-10-08T14:10:55" /></properties></testcase><testcase classname="forge.test.test_api" name="test_forge" time="0.024"><properties><property name="start_timestamp" value="2024-10-08T14:10:55" /><property name="end_timestamp" value="2024-10-08T14:10:55" /></properties></testcase><testcase classname="forge.test.mlir.mnist.test_inference" name="test_mnist_inference" time="1.461"><properties><property name="start_timestamp" value="2024-10-08T14:10:55" /><property name="end_timestamp" value="2024-10-08T14:10:56" /></properties></testcase><testcase classname="forge.test.mlir.mnist.training.test_training" name="test_mnist_training" time="114.982"><properties><property name="start_timestamp" value="2024-10-08T14:10:56" /><property name="end_timestamp" value="2024-10-08T14:12:51" /></properties></testcase><testcase classname="forge.test.mlir.test_training" name="test_torch_training" time="2.554"><properties><property name="start_timestamp" value="2024-10-08T14:12:51" /><property name="end_timestamp" value="2024-10-08T14:12:54" /></properties></testcase><testcase classname="forge.test.mlir.llama.test_llama_inference" name="test_llama_inference" time="160.508"><properties><property name="start_timestamp" value="2024-10-08T14:12:54" /><property name="end_timestamp" value="2024-10-08T14:15:35" /></properties><skipped type="pytest.xfail" message="" /></testcase></testsuite></testsuites>
