STDERR: 

2024-12-02 12:22:23.905 | WARNING  | test_conv2dtranspose:process_framework_parameters:78 - encoder_conv2d_1.weight not found in self._parameters and self._constants
2024-12-02 12:22:23.905 | WARNING  | test_conv2dtranspose:process_framework_parameters:78 - encoder_conv2d_1.bias not found in self._parameters and self._constants
2024-12-02 12:22:23.905 | WARNING  | test_conv2dtranspose:process_framework_parameters:78 - encoder_conv2d_2.weight not found in self._parameters and self._constants
2024-12-02 12:22:23.905 | WARNING  | test_conv2dtranspose:process_framework_parameters:78 - encoder_conv2d_2.bias not found in self._parameters and self._constants
2024-12-02 12:22:23.905 | WARNING  | test_conv2dtranspose:process_framework_parameters:78 - decoder_conv2d_1.weight not found in self._parameters and self._constants
2024-12-02 12:22:23.906 | WARNING  | test_conv2dtranspose:process_framework_parameters:78 - decoder_conv2d_1.bias not found in self._parameters and self._constants
2024-12-02 12:22:23.906 | WARNING  | test_conv2dtranspose:process_framework_parameters:78 - decoder_conv2d_2.bias not found in self._parameters and self._constants
2024-12-02 12:22:23.922 | INFO     | forge.compile:compile_main:219 - Compiling module PtConvAeconv2Dtranspose1
2024-12-02 12:22:23.922 | INFO     | forge.compile:forge_compile_from_context:280 - Running compile stage init_compile
2024-12-02 12:22:23.923 | INFO     | forge.ci:initialize_output_build_directory:100 - Forge output build directory for compiled artifacts: /tmp/root/696d1300d770
2024-12-02 12:22:23.923 | INFO     | forge.ci:create_symlink:90 - Symlink created from /__w/tt-forge-fe/tt-forge-fe/tt_build/test_out to /tmp/root/696d1300d770
2024-12-02 12:22:23.923 | INFO     | forge.compile:forge_compile_from_context:280 - Running compile stage generate_initial_graph
2024-12-02 12:22:23.924 | INFO     | forge.compile:forge_compile_from_context:280 - Running compile stage post_initial_graph_pass
2024-12-02 12:22:23.925 | INFO     | forge.compile:forge_compile_from_context:280 - Running compile stage optimized_graph
2024-12-02 12:22:23.925 | INFO     | forge.compile:forge_compile_from_context:280 - Running compile stage post_autograd_pass
2024-12-02 12:22:23.926 | INFO     | forge.compile:forge_compile_from_context:280 - Running compile stage consteval_graph
2024-12-02 12:22:23.926 | INFO     | forge.compile:forge_compile_from_context:280 - Running compile stage pre_lowering_pass
2024-12-02 12:22:23.926 | INFO     | forge.compile:forge_compile_from_context:280 - Running compile stage split_graph
2024-12-02 12:22:23.926 | INFO     | forge.compile:forge_compile_from_context:280 - Running compile stage run_mlir_compiler
2024-12-02 12:22:24.307 | INFO     | conftest:memory_usage_tracker:83 - Test memory usage:
2024-12-02 12:22:24.308 | INFO     | conftest:memory_usage_tracker:84 -     By test: 22.04 MB
2024-12-02 12:22:24.308 | INFO     | conftest:memory_usage_tracker:85 -     Minimum: 770.83 MB
2024-12-02 12:22:24.308 | INFO     | conftest:memory_usage_tracker:86 -     Maximum: 792.86 MB
2024-12-02 12:22:24.308 | INFO     | conftest:memory_usage_tracker:87 -     Average: 783.60 MB
STDOUT: 

============================= test session starts ==============================
platform linux -- Python 3.10.12, pytest-6.2.4, py-1.11.0, pluggy-0.13.1 -- /opt/ttforge-toolchain/venv/bin/python
cachedir: .pytest_cache
rootdir: /__w/tt-forge-fe/tt-forge-fe, configfile: pytest.ini
plugins: hydra-core-1.3.2, forked-1.6.0, xdist-2.5.0, timeout-2.0.1, anyio-3.7.1
collecting ... collected 1 item

generated_modules/unique_ops/pt_conv_ae/test_conv2dtranspose.py::test_module[forge_module_and_shapes_dtypes1] [32m2024-12-02 12:22:23.929[0m | [1m[38;2;255;000;000mERROR   [0m | [36mAlways         [0m - Found Unsupported operations while lowering from TTForge to TTIR in forward graph
Unsupported Ops at: RUN_MLIR_COMPILER stage
conv2d_transpose
		 Input_shape: [{1, 14, 14, 16}, {16, 1, 2, 2}, ]
					 Attributes: conv2d_transpose{channel_last: 1, dilation_height: 1, dilation_width: 1, groups: 1, padding_bottom: 0, padding_left: 0, padding_right: 0, padding_top: 0, stride_height: 2, stride_width: 2}
FAILED

=================================== FAILURES ===================================
_________________ test_module[forge_module_and_shapes_dtypes1] _________________

forge_module_and_shapes_dtypes = ((<class 'test_conv2dtranspose.PtConvAeconv2Dtranspose1'>, True), [((1, 16, 14, 14), torch.float32)])

    @pytest.mark.parametrize("forge_module_and_shapes_dtypes", forge_modules_and_shapes_dtypes_list)
    def test_module(forge_module_and_shapes_dtypes):
    
        (forge_module, need_process_framework_parameters_func), operand_shapes_dtypes = forge_module_and_shapes_dtypes
    
        inputs = [Tensor.create_from_shape(operand_shape, operand_dtype) for operand_shape, operand_dtype in operand_shapes_dtypes]
    
        framework_model = forge_module(forge_module.__name__)
    
        if need_process_framework_parameters_func:
            framework_model.process_framework_parameters()
    
        framework_output = framework_model(*inputs)
    
>       compiled_model = compile(framework_model, sample_inputs=inputs)

generated_modules/unique_ops/pt_conv_ae/test_conv2dtranspose.py:99: 
_ _ _ _ _ _ _ _ _ _ _ _ _ _ _ _ _ _ _ _ _ _ _ _ _ _ _ _ _ _ _ _ _ _ _ _ _ _ _ _ 
forge/forge/compile.py:245: in compile_main
    return forge_compile_from_context(compile_context)
forge/forge/compile.py:287: in forge_compile_from_context
    next_stage = stage_to_func[current_stage](context)
_ _ _ _ _ _ _ _ _ _ _ _ _ _ _ _ _ _ _ _ _ _ _ _ _ _ _ _ _ _ _ _ _ _ _ _ _ _ _ _ 

context = CompileContext(modules=[Module PtConvAeconv2Dtranspose1], graph_name='PtConvAeconv2Dtranspose1', compiler_cfg=Compiler...unt=0, target_cycles_offset=0, forge_module=<forge._C.ForgeGraphModule object at 0x7f095de73430>, compiled_binary=None)

    def run_mlir_compiler(context: CompileContext) -> CompileDepth:
        assert context.forge_module is not None
    
>       context.compiled_binary = forge._C.run_mlir_compiler(context.forge_module)
E       RuntimeError: Found Unsupported operations while lowering from TTForge to TTIR in forward graph

forge/forge/compile.py:922: RuntimeError
=========================== short test summary info ============================
FAILED generated_modules/unique_ops/pt_conv_ae/test_conv2dtranspose.py::test_module[forge_module_and_shapes_dtypes1]
============================== 1 failed in 5.49s ===============================
