STDERR: 

2024-12-02 12:32:30.918 | INFO     | forge.compile:compile_main:219 - Compiling module PtFpnresize2D0
2024-12-02 12:32:30.918 | INFO     | forge.compile:forge_compile_from_context:280 - Running compile stage init_compile
2024-12-02 12:32:30.919 | INFO     | forge.ci:initialize_output_build_directory:100 - Forge output build directory for compiled artifacts: /tmp/root/6897327f539a
2024-12-02 12:32:30.919 | INFO     | forge.ci:create_symlink:90 - Symlink created from /__w/tt-forge-fe/tt-forge-fe/tt_build/test_out to /tmp/root/6897327f539a
2024-12-02 12:32:30.919 | INFO     | forge.compile:forge_compile_from_context:280 - Running compile stage generate_initial_graph
2024-12-02 12:32:30.920 | INFO     | forge.compile:forge_compile_from_context:280 - Running compile stage post_initial_graph_pass
2024-12-02 12:32:30.921 | INFO     | forge.compile:forge_compile_from_context:280 - Running compile stage optimized_graph
2024-12-02 12:32:30.921 | INFO     | forge.compile:forge_compile_from_context:280 - Running compile stage post_autograd_pass
2024-12-02 12:32:30.921 | INFO     | forge.compile:forge_compile_from_context:280 - Running compile stage consteval_graph
2024-12-02 12:32:30.921 | INFO     | forge.compile:forge_compile_from_context:280 - Running compile stage pre_lowering_pass
2024-12-02 12:32:30.921 | INFO     | forge.compile:forge_compile_from_context:280 - Running compile stage split_graph
2024-12-02 12:32:30.921 | INFO     | forge.compile:forge_compile_from_context:280 - Running compile stage run_mlir_compiler
2024-12-02 12:32:31.294 | INFO     | conftest:memory_usage_tracker:83 - Test memory usage:
2024-12-02 12:32:31.294 | INFO     | conftest:memory_usage_tracker:84 -     By test: 20.12 MB
2024-12-02 12:32:31.294 | INFO     | conftest:memory_usage_tracker:85 -     Minimum: 767.46 MB
2024-12-02 12:32:31.294 | INFO     | conftest:memory_usage_tracker:86 -     Maximum: 787.58 MB
2024-12-02 12:32:31.294 | INFO     | conftest:memory_usage_tracker:87 -     Average: 778.16 MB
STDOUT: 

============================= test session starts ==============================
platform linux -- Python 3.10.12, pytest-6.2.4, py-1.11.0, pluggy-0.13.1 -- /opt/ttforge-toolchain/venv/bin/python
cachedir: .pytest_cache
rootdir: /__w/tt-forge-fe/tt-forge-fe, configfile: pytest.ini
plugins: hydra-core-1.3.2, forked-1.6.0, xdist-2.5.0, timeout-2.0.1, anyio-3.7.1
collecting ... collected 1 item

generated_modules/unique_ops/pt_fpn/test_resize2d.py::test_module[forge_module_and_shapes_dtypes0] [32m2024-12-02 12:32:30.924[0m | [1m[38;2;255;000;000mERROR   [0m | [36mAlways         [0m - Found Unsupported operations while lowering from TTForge to TTIR in forward graph
Unsupported Ops at: RUN_MLIR_COMPILER stage
resize2d
		 Input_shape: [{1, 256, 8, 8}, ]
					 Attributes: resize2d(16,16,0,0,0,)
FAILED

=================================== FAILURES ===================================
_________________ test_module[forge_module_and_shapes_dtypes0] _________________

forge_module_and_shapes_dtypes = ((<class 'test_resize2d.PtFpnresize2D0'>, False), [((1, 256, 8, 8), torch.float32)])

    @pytest.mark.parametrize("forge_module_and_shapes_dtypes", forge_modules_and_shapes_dtypes_list)
    def test_module(forge_module_and_shapes_dtypes):
    
        (forge_module, need_process_framework_parameters_func), operand_shapes_dtypes = forge_module_and_shapes_dtypes
    
        inputs = [Tensor.create_from_shape(operand_shape, operand_dtype) for operand_shape, operand_dtype in operand_shapes_dtypes]
    
        framework_model = forge_module(forge_module.__name__)
    
        if need_process_framework_parameters_func:
            framework_model.process_framework_parameters()
    
        framework_output = framework_model(*inputs)
    
>       compiled_model = compile(framework_model, sample_inputs=inputs)

generated_modules/unique_ops/pt_fpn/test_resize2d.py:51: 
_ _ _ _ _ _ _ _ _ _ _ _ _ _ _ _ _ _ _ _ _ _ _ _ _ _ _ _ _ _ _ _ _ _ _ _ _ _ _ _ 
forge/forge/compile.py:245: in compile_main
    return forge_compile_from_context(compile_context)
forge/forge/compile.py:287: in forge_compile_from_context
    next_stage = stage_to_func[current_stage](context)
_ _ _ _ _ _ _ _ _ _ _ _ _ _ _ _ _ _ _ _ _ _ _ _ _ _ _ _ _ _ _ _ _ _ _ _ _ _ _ _ 

context = CompileContext(modules=[Module PtFpnresize2D0], graph_name='PtFpnresize2D0', compiler_cfg=CompilerConfig(enable_traini...unt=0, target_cycles_offset=0, forge_module=<forge._C.ForgeGraphModule object at 0x7f53254d4830>, compiled_binary=None)

    def run_mlir_compiler(context: CompileContext) -> CompileDepth:
        assert context.forge_module is not None
    
>       context.compiled_binary = forge._C.run_mlir_compiler(context.forge_module)
E       RuntimeError: Found Unsupported operations while lowering from TTForge to TTIR in forward graph

forge/forge/compile.py:922: RuntimeError
=========================== short test summary info ============================
FAILED generated_modules/unique_ops/pt_fpn/test_resize2d.py::test_module[forge_module_and_shapes_dtypes0]
============================== 1 failed in 5.53s ===============================
